[21Jul2025 00:00:41.916] [Server thread/INFO] [net.minecraft.server.players.PlayerList/]: C0LIGAMES[/127.53.118.236:42911] logged in with entity id 415 at (-1082.1747959382308, 115.0, -741.6321261394697)
[21Jul2025 00:00:41.952] [Server thread/INFO] [net.minecraft.server.MinecraftServer/]: C0LIGAMES joined the game
[21Jul2025 00:00:42.019] [Server thread/INFO] [Jade/]: Syncing config to C0LIGAMES (599e70f0-d9f7-39e7-82b1-d7a42d6bd4d7)
[21Jul2025 00:00:43.915] [Server thread/INFO] [voicechat/]: [voicechat] Received secret request of C0LIGAMES (18)
[21Jul2025 00:00:43.916] [Server thread/INFO] [voicechat/]: [voicechat] Sent secret to C0LIGAMES
[21Jul2025 00:00:47.449] [VoiceChatPacketProcessingThread/INFO] [voicechat/]: [voicechat] Successfully authenticated player 599e70f0-d9f7-39e7-82b1-d7a42d6bd4d7
[21Jul2025 00:00:49.454] [VoiceChatPacketProcessingThread/INFO] [voicechat/]: [voicechat] Successfully validated connection of player 599e70f0-d9f7-39e7-82b1-d7a42d6bd4d7
[21Jul2025 00:00:49.455] [VoiceChatPacketProcessingThread/INFO] [voicechat/]: [voicechat] Player C0LIGAMES (599e70f0-d9f7-39e7-82b1-d7a42d6bd4d7) successfully connected to voice chat
[21Jul2025 00:00:56.280] [Server thread/INFO] [net.minecraft.server.players.PlayerList/]: joaocover[/127.108.89.213:48237] logged in with entity id 732 at (950.8385875523497, 79.0, 866.3000000119209)
[21Jul2025 00:00:56.292] [Server thread/INFO] [net.minecraft.server.MinecraftServer/]: joaocover joined the game
[21Jul2025 00:00:56.372] [Server thread/INFO] [Jade/]: Syncing config to joaocover (ba6ea7b9-8bb3-371d-8923-eb438ff0b8bd)
[21Jul2025 00:00:58.809] [Server thread/INFO] [voicechat/]: [voicechat] Received secret request of joaocover (18)
[21Jul2025 00:00:58.809] [Server thread/INFO] [voicechat/]: [voicechat] Sent secret to joaocover
[21Jul2025 00:00:58.831] [Server thread/WARN] [net.minecraft.server.MinecraftServer/]: Can't keep up! Is the server overloaded? Running 2594ms or 51 ticks behind
[21Jul2025 00:01:00.189] [Server thread/INFO] [Easy NPC/]: Define custom server-side data for Humanoid['entity.easy_npc.humanoid'/743, l='ServerLevel[world]', x=0.00, y=0.00, z=0.00] ...
[21Jul2025 00:01:00.189] [Server thread/INFO] [Easy NPC/]: Register default handler for Humanoid['entity.easy_npc.humanoid'/743, l='ServerLevel[world]', x=0.00, y=0.00, z=0.00] with variant STEVE ...
[21Jul2025 00:01:00.190] [Server thread/INFO] [Easy NPC/]: Easy NPC Data version 3 for Humanoid['entity.easy_npc.humanoid'/743, l='ServerLevel[world]', x=937.50, y=70.00, z=850.50].
[21Jul2025 00:01:00.190] [Server thread/INFO] [Easy NPC/]: Loading trading offers [net.minecraft.world.item.trading.MerchantOffer@3e7de877, net.minecraft.world.item.trading.MerchantOffer@25df0c9c, net.minecraft.world.item.trading.MerchantOffer@2640c10d, net.minecraft.world.item.trading.MerchantOffer@73fe321c, net.minecraft.world.item.trading.MerchantOffer@22914244] for Humanoid['entity.easy_npc.humanoid'/743, l='ServerLevel[world]', x=937.50, y=70.00, z=850.50]
[21Jul2025 00:01:00.586] [Server thread/WARN] [net.minecraft.network.syncher.SynchedEntityData/]: defineId called for: class forge.net.mca.entity.ZombieVillagerEntityMCA from class forge.net.mca.util.network.datasync.CDataParameter
[21Jul2025 00:01:00.586] [Server thread/WARN] [net.minecraft.network.syncher.SynchedEntityData/]: defineId called for: class forge.net.mca.entity.ZombieVillagerEntityMCA from class forge.net.mca.util.network.datasync.CDataParameter
[21Jul2025 00:01:00.586] [Server thread/WARN] [net.minecraft.network.syncher.SynchedEntityData/]: defineId called for: class forge.net.mca.entity.ZombieVillagerEntityMCA from class forge.net.mca.util.network.datasync.CDataParameter
[21Jul2025 00:01:00.587] [Server thread/WARN] [net.minecraft.network.syncher.SynchedEntityData/]: defineId called for: class forge.net.mca.entity.ZombieVillagerEntityMCA from class forge.net.mca.util.network.datasync.CDataParameter
[21Jul2025 00:01:00.587] [Server thread/WARN] [net.minecraft.network.syncher.SynchedEntityData/]: defineId called for: class forge.net.mca.entity.ZombieVillagerEntityMCA from class forge.net.mca.util.network.datasync.CDataParameter
[21Jul2025 00:01:00.587] [Server thread/WARN] [net.minecraft.network.syncher.SynchedEntityData/]: defineId called for: class forge.net.mca.entity.ZombieVillagerEntityMCA from class forge.net.mca.util.network.datasync.CDataParameter
[21Jul2025 00:01:00.587] [Server thread/WARN] [net.minecraft.network.syncher.SynchedEntityData/]: defineId called for: class forge.net.mca.entity.ZombieVillagerEntityMCA from class forge.net.mca.util.network.datasync.CDataParameter
[21Jul2025 00:01:00.588] [Server thread/WARN] [net.minecraft.network.syncher.SynchedEntityData/]: defineId called for: class forge.net.mca.entity.ZombieVillagerEntityMCA from class forge.net.mca.util.network.datasync.CEnumParameter
[21Jul2025 00:01:00.588] [Server thread/WARN] [net.minecraft.network.syncher.SynchedEntityData/]: defineId called for: class forge.net.mca.entity.ZombieVillagerEntityMCA from class forge.net.mca.util.network.datasync.CDataParameter
[21Jul2025 00:01:00.589] [Server thread/WARN] [net.minecraft.network.syncher.SynchedEntityData/]: defineId called for: class forge.net.mca.entity.ZombieVillagerEntityMCA from class forge.net.mca.util.network.datasync.CDataParameter
[21Jul2025 00:01:00.589] [Server thread/WARN] [net.minecraft.network.syncher.SynchedEntityData/]: defineId called for: class forge.net.mca.entity.ZombieVillagerEntityMCA from class forge.net.mca.util.network.datasync.CDataParameter
[21Jul2025 00:01:00.589] [Server thread/WARN] [net.minecraft.network.syncher.SynchedEntityData/]: defineId called for: class forge.net.mca.entity.ZombieVillagerEntityMCA from class forge.net.mca.util.network.datasync.CDataParameter
[21Jul2025 00:01:00.589] [Server thread/WARN] [net.minecraft.network.syncher.SynchedEntityData/]: defineId called for: class forge.net.mca.entity.ZombieVillagerEntityMCA from class forge.net.mca.util.network.datasync.CDataParameter
[21Jul2025 00:01:00.589] [Server thread/WARN] [net.minecraft.network.syncher.SynchedEntityData/]: defineId called for: class forge.net.mca.entity.ZombieVillagerEntityMCA from class forge.net.mca.util.network.datasync.CDataParameter
[21Jul2025 00:01:00.590] [Server thread/WARN] [net.minecraft.network.syncher.SynchedEntityData/]: defineId called for: class forge.net.mca.entity.ZombieVillagerEntityMCA from class forge.net.mca.util.network.datasync.CDataParameter
[21Jul2025 00:01:00.590] [Server thread/WARN] [net.minecraft.network.syncher.SynchedEntityData/]: defineId called for: class forge.net.mca.entity.ZombieVillagerEntityMCA from class forge.net.mca.util.network.datasync.CDataParameter
[21Jul2025 00:01:00.590] [Server thread/WARN] [net.minecraft.network.syncher.SynchedEntityData/]: defineId called for: class forge.net.mca.entity.ZombieVillagerEntityMCA from class forge.net.mca.util.network.datasync.CDataParameter
[21Jul2025 00:01:00.590] [Server thread/WARN] [net.minecraft.network.syncher.SynchedEntityData/]: defineId called for: class forge.net.mca.entity.ZombieVillagerEntityMCA from class forge.net.mca.util.network.datasync.CDataParameter
[21Jul2025 00:01:00.590] [Server thread/WARN] [net.minecraft.network.syncher.SynchedEntityData/]: defineId called for: class forge.net.mca.entity.ZombieVillagerEntityMCA from class forge.net.mca.util.network.datasync.CDataParameter
[21Jul2025 00:01:00.590] [Server thread/WARN] [net.minecraft.network.syncher.SynchedEntityData/]: defineId called for: class forge.net.mca.entity.ZombieVillagerEntityMCA from class forge.net.mca.util.network.datasync.CEnumParameter
[21Jul2025 00:01:00.591] [Server thread/WARN] [net.minecraft.network.syncher.SynchedEntityData/]: defineId called for: class forge.net.mca.entity.ZombieVillagerEntityMCA from class forge.net.mca.util.network.datasync.CDataParameter
[21Jul2025 00:01:00.591] [Server thread/WARN] [net.minecraft.network.syncher.SynchedEntityData/]: defineId called for: class forge.net.mca.entity.ZombieVillagerEntityMCA from class forge.net.mca.util.network.datasync.CDataParameter
[21Jul2025 00:01:00.591] [Server thread/WARN] [net.minecraft.network.syncher.SynchedEntityData/]: defineId called for: class forge.net.mca.entity.ZombieVillagerEntityMCA from class forge.net.mca.util.network.datasync.CEnumParameter
[21Jul2025 00:01:00.591] [Server thread/WARN] [net.minecraft.network.syncher.SynchedEntityData/]: defineId called for: class forge.net.mca.entity.ZombieVillagerEntityMCA from class forge.net.mca.util.network.datasync.CDataParameter
[21Jul2025 00:01:00.591] [Server thread/WARN] [net.minecraft.network.syncher.SynchedEntityData/]: defineId called for: class forge.net.mca.entity.ZombieVillagerEntityMCA from class forge.net.mca.util.network.datasync.CEnumParameter
[21Jul2025 00:01:00.592] [Server thread/WARN] [net.minecraft.network.syncher.SynchedEntityData/]: defineId called for: class forge.net.mca.entity.ZombieVillagerEntityMCA from class forge.net.mca.util.network.datasync.CEnumParameter
[21Jul2025 00:01:00.592] [Server thread/WARN] [net.minecraft.network.syncher.SynchedEntityData/]: defineId called for: class forge.net.mca.entity.ZombieVillagerEntityMCA from class forge.net.mca.util.network.datasync.CDataParameter
[21Jul2025 00:01:00.592] [Server thread/WARN] [net.minecraft.network.syncher.SynchedEntityData/]: defineId called for: class forge.net.mca.entity.ZombieVillagerEntityMCA from class forge.net.mca.util.network.datasync.CDataParameter
[21Jul2025 00:01:00.592] [Server thread/WARN] [net.minecraft.network.syncher.SynchedEntityData/]: defineId called for: class forge.net.mca.entity.ZombieVillagerEntityMCA from class forge.net.mca.util.network.datasync.CDataParameter
[21Jul2025 00:01:00.592] [Server thread/WARN] [net.minecraft.network.syncher.SynchedEntityData/]: defineId called for: class forge.net.mca.entity.ZombieVillagerEntityMCA from class forge.net.mca.util.network.datasync.CDataParameter
[21Jul2025 00:01:00.593] [Server thread/WARN] [net.minecraft.network.syncher.SynchedEntityData/]: defineId called for: class forge.net.mca.entity.ZombieVillagerEntityMCA from class forge.net.mca.util.network.datasync.CDataParameter
[21Jul2025 00:01:00.593] [Server thread/WARN] [net.minecraft.network.syncher.SynchedEntityData/]: defineId called for: class forge.net.mca.entity.ZombieVillagerEntityMCA from class forge.net.mca.util.network.datasync.CDataParameter
[21Jul2025 00:01:00.593] [Server thread/WARN] [net.minecraft.network.syncher.SynchedEntityData/]: defineId called for: class forge.net.mca.entity.ZombieVillagerEntityMCA from class forge.net.mca.util.network.datasync.CDataParameter
[21Jul2025 00:01:00.593] [Server thread/WARN] [net.minecraft.network.syncher.SynchedEntityData/]: defineId called for: class forge.net.mca.entity.ZombieVillagerEntityMCA from class forge.net.mca.util.network.datasync.CDataParameter
[21Jul2025 00:01:00.593] [Server thread/WARN] [net.minecraft.network.syncher.SynchedEntityData/]: defineId called for: class forge.net.mca.entity.ZombieVillagerEntityMCA from class forge.net.mca.util.network.datasync.CDataParameter
[21Jul2025 00:01:00.594] [Server thread/WARN] [net.minecraft.network.syncher.SynchedEntityData/]: defineId called for: class forge.net.mca.entity.ZombieVillagerEntityMCA from class forge.net.mca.util.network.datasync.CDataParameter
[21Jul2025 00:01:00.594] [Server thread/WARN] [net.minecraft.network.syncher.SynchedEntityData/]: defineId called for: class forge.net.mca.entity.ZombieVillagerEntityMCA from class forge.net.mca.util.network.datasync.CDataParameter
[21Jul2025 00:01:01.580] [VoiceChatPacketProcessingThread/INFO] [voicechat/]: [voicechat] Successfully authenticated player ba6ea7b9-8bb3-371d-8923-eb438ff0b8bd
[21Jul2025 00:01:03.584] [VoiceChatPacketProcessingThread/INFO] [voicechat/]: [voicechat] Successfully validated connection of player ba6ea7b9-8bb3-371d-8923-eb438ff0b8bd
[21Jul2025 00:01:03.584] [VoiceChatPacketProcessingThread/INFO] [voicechat/]: [voicechat] Player joaocover (ba6ea7b9-8bb3-371d-8923-eb438ff0b8bd) successfully connected to voice chat
[21Jul2025 00:02:11.678] [Server thread/INFO] [net.minecraft.server.MinecraftServer/]: [Not Secure] <joaocover> PANITA CHAT VOZ
[21Jul2025 00:02:19.920] [Server thread/INFO] [net.minecraft.server.MinecraftServer/]: [Not Secure] <C0LIGAMES> ya pis
[21Jul2025 00:02:52.098] [Server thread/INFO] [net.minecraft.server.MinecraftServer/]: [Not Secure] <joaocover> EL GUSTAMBO TODO MENTIROSO
[21Jul2025 00:03:11.914] [Server thread/INFO] [net.minecraft.server.MinecraftServer/]: [Not Secure] <C0LIGAMES> ?
[21Jul2025 00:05:14.167] [Server thread/INFO] [net.minecraft.server.MinecraftServer/]: [Not Secure] <C0LIGAMES> la esposa del server XD
[21Jul2025 00:06:11.966] [Server thread/INFO] [net.minecraft.server.MinecraftServer/]: [Not Secure] <C0LIGAMES> XD
[21Jul2025 00:06:47.366] [Server thread/INFO] [net.minecraft.server.MinecraftServer/]: joaocover was shot by Pillager
[21Jul2025 00:06:47.371] [Server thread/INFO] [com.tiviacz.travelersbackpack.TravelersBackpack/]: Created new backpack backup file for joaocover with unique ID travelersbackpack.standard_21.07.2025-00.06.47.dat
[21Jul2025 00:06:49.055] [Server thread/INFO] [Scaling Health/]: Player lost 0.00 heart crystal(s)
[21Jul2025 00:06:49.055] [Server thread/INFO] [Scaling Health/]: Player gained 0.00 difficulty
[21Jul2025 00:06:49.616] [Server thread/INFO] [Easy NPC/]: Define custom server-side data for Humanoid['entity.easy_npc.humanoid'/3478, l='ServerLevel[world]', x=0.00, y=0.00, z=0.00] ...
[21Jul2025 00:06:49.619] [Server thread/INFO] [Easy NPC/]: Register default handler for Humanoid['entity.easy_npc.humanoid'/3478, l='ServerLevel[world]', x=0.00, y=0.00, z=0.00] with variant STEVE ...
[21Jul2025 00:06:49.619] [Server thread/INFO] [Easy NPC/]: Easy NPC Data version 3 for Humanoid['entity.easy_npc.humanoid'/3478, l='ServerLevel[world]', x=937.50, y=70.00, z=850.50].
[21Jul2025 00:06:49.620] [Server thread/INFO] [Easy NPC/]: Loading trading offers [net.minecraft.world.item.trading.MerchantOffer@10d6830c, net.minecraft.world.item.trading.MerchantOffer@5c793471, net.minecraft.world.item.trading.MerchantOffer@185e599b, net.minecraft.world.item.trading.MerchantOffer@6735111e, net.minecraft.world.item.trading.MerchantOffer@43df2017] for Humanoid['entity.easy_npc.humanoid'/3478, l='ServerLevel[world]', x=937.50, y=70.00, z=850.50]
[21Jul2025 00:06:50.329] [Server thread/INFO] [net.minecraft.server.MinecraftServer/]: [Not Secure] <C0LIGAMES> XD
[21Jul2025 00:08:16.620] [Server thread/INFO] [net.minecraft.server.MinecraftServer/]: [Not Secure] <C0LIGAMES> XD
[21Jul2025 00:09:07.487] [Worker-Main-12/WARN] [com.ferreusveritas.dynamictrees.tree.species.Species/]: Rooty Dirt block NOT FOUND for soil minecraft:tall_seagrass
[21Jul2025 00:09:13.295] [Server thread/WARN] [net.minecraft.world.level.chunk.LevelChunk/]: Tried to load a DUMMY block entity @ BlockPos{x=1196, y=12, z=1342} but found not block entity block Block{minecraft:water}[level=0] at location
[21Jul2025 00:09:13.295] [Server thread/WARN] [net.minecraft.world.level.chunk.LevelChunk/]: Tried to load a block entity for block Block{minecraft:water}[level=0] but failed at location BlockPos{x=1196, y=12, z=1342}
[21Jul2025 00:09:24.889] [Worker-Main-12/WARN] [net.minecraft.world.entity.EntityType/]: Skipping Entity with id 
[21Jul2025 00:09:24.889] [Worker-Main-12/ERROR] [net.minecraft.world.entity.decoration.HangingEntity/]: Hanging entity at invalid position: BlockPos{x=77, y=-57, z=143}
[21Jul2025 00:09:24.890] [Worker-Main-12/ERROR] [net.minecraft.world.entity.decoration.HangingEntity/]: Hanging entity at invalid position: BlockPos{x=64, y=-58, z=137}
[21Jul2025 00:09:29.375] [Worker-Main-3/WARN] [com.ferreusveritas.dynamictrees.tree.species.Species/]: Rooty Dirt block NOT FOUND for soil minecraft:tall_seagrass
[21Jul2025 00:09:40.337] [Worker-Main-2/WARN] [com.ferreusveritas.dynamictrees.tree.species.Species/]: Rooty Dirt block NOT FOUND for soil minecraft:tall_seagrass
[21Jul2025 00:09:40.520] [Worker-Main-3/WARN] [com.ferreusveritas.dynamictrees.tree.species.Species/]: Rooty Dirt block NOT FOUND for soil minecraft:seagrass
[21Jul2025 00:09:44.076] [Worker-Main-19/WARN] [com.ferreusveritas.dynamictrees.tree.species.Species/]: Rooty Dirt block NOT FOUND for soil minecraft:seagrass
[21Jul2025 00:09:47.320] [Worker-Main-12/WARN] [com.ferreusveritas.dynamictrees.tree.species.Species/]: Rooty Dirt block NOT FOUND for soil minecraft:tall_seagrass
[21Jul2025 00:09:47.390] [Server thread/WARN] [net.minecraft.world.level.chunk.LevelChunk/]: Tried to load a DUMMY block entity @ BlockPos{x=1312, y=25, z=1514} but found not block entity block Block{minecraft:water}[level=0] at location
[21Jul2025 00:09:47.390] [Server thread/WARN] [net.minecraft.world.level.chunk.LevelChunk/]: Tried to load a block entity for block Block{minecraft:water}[level=0] but failed at location BlockPos{x=1312, y=25, z=1514}
[21Jul2025 00:09:47.749] [Server thread/WARN] [net.minecraft.world.level.chunk.LevelChunk/]: Tried to load a DUMMY block entity @ BlockPos{x=1317, y=25, z=1564} but found not block entity block Block{minecraft:water}[level=0] at location
[21Jul2025 00:09:47.749] [Server thread/WARN] [net.minecraft.world.level.chunk.LevelChunk/]: Tried to load a block entity for block Block{minecraft:water}[level=0] but failed at location BlockPos{x=1317, y=25, z=1564}
[21Jul2025 00:09:51.437] [Server thread/WARN] [net.minecraft.world.level.chunk.LevelChunk/]: Tried to load a DUMMY block entity @ BlockPos{x=1329, y=25, z=1575} but found not block entity block Block{minecraft:water}[level=0] at location
[21Jul2025 00:09:51.437] [Server thread/WARN] [net.minecraft.world.level.chunk.LevelChunk/]: Tried to load a block entity for block Block{minecraft:water}[level=0] but failed at location BlockPos{x=1329, y=25, z=1575}
[21Jul2025 00:10:17.602] [Worker-Main-19/WARN] [com.ferreusveritas.dynamictrees.tree.species.Species/]: Rooty Dirt block NOT FOUND for soil minecraft:tall_seagrass
[21Jul2025 00:10:19.964] [Worker-Main-2/WARN] [com.ferreusveritas.dynamictrees.tree.species.Species/]: Rooty Dirt block NOT FOUND for soil minecraft:tall_seagrass
[21Jul2025 00:10:29.589] [Worker-Main-12/WARN] [com.ferreusveritas.dynamictrees.tree.species.Species/]: Rooty Dirt block NOT FOUND for soil minecraft:tall_seagrass
[21Jul2025 00:11:03.497] [Worker-Main-3/WARN] [net.minecraft.world.entity.EntityType/]: Skipping Entity with id 
[21Jul2025 00:11:03.498] [Worker-Main-3/ERROR] [net.minecraft.world.entity.decoration.HangingEntity/]: Hanging entity at invalid position: BlockPos{x=77, y=-57, z=143}
[21Jul2025 00:11:03.498] [Worker-Main-3/ERROR] [net.minecraft.world.entity.decoration.HangingEntity/]: Hanging entity at invalid position: BlockPos{x=64, y=-58, z=137}
[21Jul2025 00:11:24.253] [Worker-Main-2/ERROR] [net.minecraft.world.entity.decoration.HangingEntity/]: Hanging entity at invalid position: BlockPos{x=-361, y=-54, z=-542}
[21Jul2025 00:11:24.254] [Worker-Main-2/ERROR] [net.minecraft.world.entity.decoration.HangingEntity/]: Hanging entity at invalid position: BlockPos{x=-361, y=-53, z=-542}
[21Jul2025 00:11:24.254] [Worker-Main-2/ERROR] [net.minecraft.world.entity.decoration.HangingEntity/]: Hanging entity at invalid position: BlockPos{x=-407, y=-57, z=-497}
[21Jul2025 00:11:24.255] [Worker-Main-2/ERROR] [net.minecraft.world.entity.decoration.HangingEntity/]: Hanging entity at invalid position: BlockPos{x=-406, y=-57, z=-496}
[21Jul2025 00:11:24.279] [Worker-Main-2/ERROR] [net.minecraft.world.entity.decoration.HangingEntity/]: Hanging entity at invalid position: BlockPos{x=-349, y=-58, z=-497}
[21Jul2025 00:11:24.311] [Worker-Main-2/ERROR] [net.minecraft.world.entity.decoration.HangingEntity/]: Hanging entity at invalid position: BlockPos{x=-403, y=-58, z=-497}
[21Jul2025 00:11:24.312] [Worker-Main-2/ERROR] [net.minecraft.world.entity.decoration.HangingEntity/]: Hanging entity at invalid position: BlockPos{x=-373, y=-58, z=-499}
[21Jul2025 00:11:24.313] [Worker-Main-2/ERROR] [net.minecraft.world.entity.decoration.HangingEntity/]: Hanging entity at invalid position: BlockPos{x=-359, y=-58, z=-502}
[21Jul2025 00:11:25.020] [Worker-Main-12/ERROR] [net.minecraft.world.entity.decoration.HangingEntity/]: Hanging entity at invalid position: BlockPos{x=-403, y=-58, z=-497}
[21Jul2025 00:11:25.075] [Worker-Main-12/ERROR] [net.minecraft.world.entity.decoration.HangingEntity/]: Hanging entity at invalid position: BlockPos{x=-407, y=-57, z=-497}
[21Jul2025 00:11:25.075] [Worker-Main-12/ERROR] [net.minecraft.world.entity.decoration.HangingEntity/]: Hanging entity at invalid position: BlockPos{x=-406, y=-57, z=-496}
[21Jul2025 00:11:25.076] [Worker-Main-12/ERROR] [net.minecraft.world.entity.decoration.HangingEntity/]: Hanging entity at invalid position: BlockPos{x=-350, y=-58, z=-499}
[21Jul2025 00:11:25.076] [Worker-Main-12/ERROR] [net.minecraft.world.entity.decoration.HangingEntity/]: Hanging entity at invalid position: BlockPos{x=-349, y=-58, z=-499}
[21Jul2025 00:11:25.077] [Worker-Main-12/ERROR] [net.minecraft.world.entity.decoration.HangingEntity/]: Hanging entity at invalid position: BlockPos{x=-350, y=-58, z=-499}
[21Jul2025 00:11:25.077] [Worker-Main-12/ERROR] [net.minecraft.world.entity.decoration.HangingEntity/]: Hanging entity at invalid position: BlockPos{x=-349, y=-58, z=-499}
[21Jul2025 00:11:25.700] [Worker-Main-2/ERROR] [net.minecraft.world.entity.decoration.HangingEntity/]: Hanging entity at invalid position: BlockPos{x=-362, y=-51, z=-548}
[21Jul2025 00:11:25.961] [Worker-Main-12/ERROR] [net.minecraft.world.entity.decoration.HangingEntity/]: Hanging entity at invalid position: BlockPos{x=-359, y=-58, z=-502}
[21Jul2025 00:11:25.980] [Worker-Main-12/ERROR] [net.minecraft.world.entity.decoration.HangingEntity/]: Hanging entity at invalid position: BlockPos{x=-373, y=-58, z=-499}
[21Jul2025 00:11:25.992] [Worker-Main-12/ERROR] [net.minecraft.world.entity.decoration.HangingEntity/]: Hanging entity at invalid position: BlockPos{x=-350, y=-58, z=-499}
[21Jul2025 00:11:25.993] [Worker-Main-12/ERROR] [net.minecraft.world.entity.decoration.HangingEntity/]: Hanging entity at invalid position: BlockPos{x=-349, y=-58, z=-499}
[21Jul2025 00:11:28.984] [Worker-Main-19/ERROR] [net.minecraft.world.entity.decoration.HangingEntity/]: Hanging entity at invalid position: BlockPos{x=-234, y=-52, z=-702}
[21Jul2025 00:11:28.985] [Worker-Main-19/ERROR] [net.minecraft.world.entity.decoration.HangingEntity/]: Hanging entity at invalid position: BlockPos{x=-221, y=-52, z=-702}
[21Jul2025 00:11:42.701] [Worker-Main-19/ERROR] [net.minecraft.world.entity.decoration.HangingEntity/]: Hanging entity at invalid position: BlockPos{x=-558, y=-53, z=-753}
[21Jul2025 00:11:42.702] [Worker-Main-19/ERROR] [net.minecraft.world.entity.decoration.HangingEntity/]: Hanging entity at invalid position: BlockPos{x=-554, y=-53, z=-756}
[21Jul2025 00:11:42.702] [Worker-Main-19/ERROR] [net.minecraft.world.entity.decoration.HangingEntity/]: Hanging entity at invalid position: BlockPos{x=-553, y=-52, z=-751}
[21Jul2025 00:11:42.720] [Worker-Main-19/ERROR] [net.minecraft.world.entity.decoration.HangingEntity/]: Hanging entity at invalid position: BlockPos{x=-349, y=-58, z=-497}
[21Jul2025 00:11:42.958] [Worker-Main-2/ERROR] [net.minecraft.world.entity.decoration.HangingEntity/]: Hanging entity at invalid position: BlockPos{x=-553, y=-52, z=-750}
[21Jul2025 00:11:42.958] [Worker-Main-2/ERROR] [net.minecraft.world.entity.decoration.HangingEntity/]: Hanging entity at invalid position: BlockPos{x=-553, y=-54, z=-749}
[21Jul2025 00:11:42.959] [Worker-Main-2/ERROR] [net.minecraft.world.entity.decoration.HangingEntity/]: Hanging entity at invalid position: BlockPos{x=-553, y=-54, z=-750}
[21Jul2025 00:11:42.959] [Worker-Main-2/ERROR] [net.minecraft.world.entity.decoration.HangingEntity/]: Hanging entity at invalid position: BlockPos{x=-557, y=-53, z=-750}
[21Jul2025 00:11:45.670] [Worker-Main-3/ERROR] [net.minecraft.world.entity.decoration.HangingEntity/]: Hanging entity at invalid position: BlockPos{x=-552, y=-53, z=-758}
[21Jul2025 00:11:45.670] [Worker-Main-3/ERROR] [net.minecraft.world.entity.decoration.HangingEntity/]: Hanging entity at invalid position: BlockPos{x=-549, y=-53, z=-757}
[21Jul2025 00:11:45.670] [Worker-Main-3/ERROR] [net.minecraft.world.entity.decoration.HangingEntity/]: Hanging entity at invalid position: BlockPos{x=-546, y=-53, z=-753}
[21Jul2025 00:11:45.671] [Worker-Main-3/ERROR] [net.minecraft.world.entity.decoration.HangingEntity/]: Hanging entity at invalid position: BlockPos{x=-551, y=-52, z=-751}
[21Jul2025 00:11:45.671] [Worker-Main-3/ERROR] [net.minecraft.world.entity.decoration.HangingEntity/]: Hanging entity at invalid position: BlockPos{x=-552, y=-52, z=-752}
[21Jul2025 00:11:45.671] [Worker-Main-3/ERROR] [net.minecraft.world.entity.decoration.HangingEntity/]: Hanging entity at invalid position: BlockPos{x=-552, y=-53, z=-751}
[21Jul2025 00:11:45.671] [Worker-Main-3/ERROR] [net.minecraft.world.entity.decoration.HangingEntity/]: Hanging entity at invalid position: BlockPos{x=-547, y=-53, z=-751}
[21Jul2025 00:11:45.672] [Worker-Main-3/ERROR] [net.minecraft.world.entity.decoration.HangingEntity/]: Hanging entity at invalid position: BlockPos{x=-545, y=-53, z=-752}
[21Jul2025 00:11:45.725] [Worker-Main-12/ERROR] [net.minecraft.world.entity.decoration.HangingEntity/]: Hanging entity at invalid position: BlockPos{x=-551, y=-52, z=-750}
[21Jul2025 00:11:45.726] [Worker-Main-12/ERROR] [net.minecraft.world.entity.decoration.HangingEntity/]: Hanging entity at invalid position: BlockPos{x=-552, y=-52, z=-749}
[21Jul2025 00:11:45.726] [Worker-Main-12/ERROR] [net.minecraft.world.entity.decoration.HangingEntity/]: Hanging entity at invalid position: BlockPos{x=-552, y=-53, z=-750}
[21Jul2025 00:11:45.726] [Worker-Main-12/ERROR] [net.minecraft.world.entity.decoration.HangingEntity/]: Hanging entity at invalid position: BlockPos{x=-551, y=-54, z=-750}
[21Jul2025 00:11:45.727] [Worker-Main-12/ERROR] [net.minecraft.world.entity.decoration.HangingEntity/]: Hanging entity at invalid position: BlockPos{x=-552, y=-54, z=-749}
[21Jul2025 00:11:45.727] [Worker-Main-12/ERROR] [net.minecraft.world.entity.decoration.HangingEntity/]: Hanging entity at invalid position: BlockPos{x=-546, y=-53, z=-749}
[21Jul2025 00:11:45.727] [Worker-Main-12/ERROR] [net.minecraft.world.entity.decoration.HangingEntity/]: Hanging entity at invalid position: BlockPos{x=-552, y=-53, z=-748}
[21Jul2025 00:11:45.746] [Worker-Main-12/ERROR] [net.minecraft.world.entity.decoration.HangingEntity/]: Hanging entity at invalid position: BlockPos{x=-409, y=-57, z=-497}
[21Jul2025 00:11:45.747] [Worker-Main-12/ERROR] [net.minecraft.world.entity.decoration.HangingEntity/]: Hanging entity at invalid position: BlockPos{x=-410, y=-57, z=-496}
[21Jul2025 00:11:47.715] [Worker-Main-3/ERROR] [net.minecraft.world.entity.decoration.HangingEntity/]: Hanging entity at invalid position: BlockPos{x=-213, y=-52, z=-702}
[21Jul2025 00:11:47.715] [Worker-Main-3/ERROR] [net.minecraft.world.entity.decoration.HangingEntity/]: Hanging entity at invalid position: BlockPos{x=-200, y=-52, z=-702}
[21Jul2025 00:11:47.726] [Worker-Main-3/ERROR] [net.minecraft.world.entity.decoration.HangingEntity/]: Hanging entity at invalid position: BlockPos{x=-350, y=-58, z=-499}
[21Jul2025 00:11:47.727] [Worker-Main-3/ERROR] [net.minecraft.world.entity.decoration.HangingEntity/]: Hanging entity at invalid position: BlockPos{x=-349, y=-58, z=-499}
[21Jul2025 00:11:56.276] [Worker-Main-2/WARN] [com.ferreusveritas.dynamictrees.tree.species.Species/]: Rooty Dirt block NOT FOUND for soil minecraft:tall_seagrass
[21Jul2025 00:12:01.702] [Worker-Main-2/WARN] [net.minecraft.world.entity.EntityType/]: Skipping Entity with id 
[21Jul2025 00:12:01.703] [Worker-Main-2/ERROR] [net.minecraft.world.entity.decoration.HangingEntity/]: Hanging entity at invalid position: BlockPos{x=77, y=-57, z=143}
[21Jul2025 00:12:01.704] [Worker-Main-2/ERROR] [net.minecraft.world.entity.decoration.HangingEntity/]: Hanging entity at invalid position: BlockPos{x=64, y=-58, z=137}
[21Jul2025 00:13:38.088] [Server thread/INFO] [net.minecraft.server.MinecraftServer/]: [Not Secure] <joaocover> hatea
[21Jul2025 00:13:44.058] [Server thread/INFO] [net.minecraft.server.MinecraftServer/]: [Not Secure] <joaocover> zzzzz
[21Jul2025 00:14:33.731] [Worker-Main-19/WARN] [net.minecraft.world.entity.EntityType/]: Skipping Entity with id 
[21Jul2025 00:14:33.732] [Worker-Main-19/ERROR] [net.minecraft.world.entity.decoration.HangingEntity/]: Hanging entity at invalid position: BlockPos{x=77, y=-57, z=143}
[21Jul2025 00:14:33.732] [Worker-Main-19/ERROR] [net.minecraft.world.entity.decoration.HangingEntity/]: Hanging entity at invalid position: BlockPos{x=64, y=-58, z=137}
[21Jul2025 00:14:36.523] [Worker-Main-19/WARN] [net.minecraft.world.entity.EntityType/]: Skipping Entity with id 
[21Jul2025 00:14:36.524] [Worker-Main-19/ERROR] [net.minecraft.world.entity.decoration.HangingEntity/]: Hanging entity at invalid position: BlockPos{x=77, y=-57, z=143}
[21Jul2025 00:14:36.524] [Worker-Main-19/ERROR] [net.minecraft.world.entity.decoration.HangingEntity/]: Hanging entity at invalid position: BlockPos{x=64, y=-58, z=137}
[21Jul2025 00:14:46.149] [Worker-Main-3/WARN] [ModdingLegacy/StructureGel/]: [structure_gel] Empty or non-existent pool: minecraft:
[21Jul2025 00:14:46.741] [Worker-Main-3/WARN] [ModdingLegacy/StructureGel/]: [structure_gel] Empty or non-existent pool: minecraft:
[21Jul2025 00:14:46.741] [Worker-Main-3/WARN] [ModdingLegacy/StructureGel/]: [structure_gel] Empty or non-existent pool: minecraft:
[21Jul2025 00:17:57.561] [Server thread/INFO] [net.minecraft.server.MinecraftServer/]: joaocover was slain by Hydra
[21Jul2025 00:17:57.565] [Server thread/INFO] [com.tiviacz.travelersbackpack.TravelersBackpack/]: Created new backpack backup file for joaocover with unique ID travelersbackpack.standard_21.07.2025-00.17.57.dat
[21Jul2025 00:17:58.711] [Server thread/INFO] [Scaling Health/]: Player lost 0.00 heart crystal(s)
[21Jul2025 00:17:58.712] [Server thread/INFO] [Scaling Health/]: Player gained 0.00 difficulty
[21Jul2025 00:22:59.931] [Server thread/INFO] [Easy NPC/]: Define custom server-side data for Humanoid['entity.easy_npc.humanoid'/13032, l='ServerLevel[world]', x=0.00, y=0.00, z=0.00] ...
[21Jul2025 00:22:59.932] [Server thread/INFO] [Easy NPC/]: Register default handler for Humanoid['entity.easy_npc.humanoid'/13032, l='ServerLevel[world]', x=0.00, y=0.00, z=0.00] with variant STEVE ...
[21Jul2025 00:22:59.932] [Server thread/INFO] [Easy NPC/]: Easy NPC Data version 3 for Humanoid['entity.easy_npc.humanoid'/13032, l='ServerLevel[world]', x=937.50, y=70.00, z=850.50].
[21Jul2025 00:22:59.933] [Server thread/INFO] [Easy NPC/]: Loading trading offers [net.minecraft.world.item.trading.MerchantOffer@442677bc, net.minecraft.world.item.trading.MerchantOffer@40013e66, net.minecraft.world.item.trading.MerchantOffer@6791ea34, net.minecraft.world.item.trading.MerchantOffer@11326b8c, net.minecraft.world.item.trading.MerchantOffer@66de7581] for Humanoid['entity.easy_npc.humanoid'/13032, l='ServerLevel[world]', x=937.50, y=70.00, z=850.50]
[21Jul2025 00:26:29.169] [Worker-Main-3/ERROR] [net.minecraft.world.entity.decoration.HangingEntity/]: Hanging entity at invalid position: BlockPos{x=-359, y=-58, z=-502}
[21Jul2025 00:26:29.284] [Worker-Main-2/ERROR] [net.minecraft.world.entity.decoration.HangingEntity/]: Hanging entity at invalid position: BlockPos{x=-346, y=-57, z=-497}
[21Jul2025 00:26:29.285] [Worker-Main-2/ERROR] [net.minecraft.world.entity.decoration.HangingEntity/]: Hanging entity at invalid position: BlockPos{x=-346, y=-57, z=-497}
[21Jul2025 00:26:29.288] [Worker-Main-2/ERROR] [net.minecraft.world.entity.decoration.HangingEntity/]: Hanging entity at invalid position: BlockPos{x=-359, y=-58, z=-502}
[21Jul2025 00:26:35.379] [Worker-Main-2/ERROR] [net.minecraft.world.entity.decoration.HangingEntity/]: Hanging entity at invalid position: BlockPos{x=-349, y=-58, z=-497}
[21Jul2025 00:26:35.487] [Worker-Main-2/ERROR] [net.minecraft.world.entity.decoration.HangingEntity/]: Hanging entity at invalid position: BlockPos{x=-349, y=-58, z=-497}
[21Jul2025 00:26:40.939] [Worker-Main-12/ERROR] [net.minecraft.world.entity.decoration.HangingEntity/]: Hanging entity at invalid position: BlockPos{x=-403, y=-52, z=-425}
[21Jul2025 00:26:40.939] [Worker-Main-12/ERROR] [net.minecraft.world.entity.decoration.HangingEntity/]: Hanging entity at invalid position: BlockPos{x=-410, y=-52, z=-426}
[21Jul2025 00:26:40.958] [Worker-Main-12/ERROR] [net.minecraft.world.entity.decoration.HangingEntity/]: Hanging entity at invalid position: BlockPos{x=-422, y=-52, z=-391}
[21Jul2025 00:26:40.973] [Worker-Main-12/ERROR] [net.minecraft.world.entity.decoration.HangingEntity/]: Hanging entity at invalid position: BlockPos{x=-422, y=-52, z=-391}
[21Jul2025 00:26:41.004] [Worker-Main-3/ERROR] [net.minecraft.world.entity.decoration.HangingEntity/]: Hanging entity at invalid position: BlockPos{x=-414, y=-52, z=-427}
[21Jul2025 00:26:45.449] [Worker-Main-19/ERROR] [net.minecraft.world.entity.decoration.HangingEntity/]: Hanging entity at invalid position: BlockPos{x=-403, y=-58, z=-497}
[21Jul2025 00:26:45.464] [Worker-Main-19/ERROR] [net.minecraft.world.level.block.entity.SculkSensorBlockEntity/]: No key selector in MapLike[{event_delay:0,event_distance:3.602844f,range:8,source:{pos:[I;-404,-59,-499],type:"minecraft:block"}}]
[21Jul2025 00:26:45.540] [Worker-Main-3/ERROR] [net.minecraft.world.entity.decoration.HangingEntity/]: Hanging entity at invalid position: BlockPos{x=-403, y=-58, z=-497}
[21Jul2025 00:26:45.560] [Worker-Main-3/ERROR] [net.minecraft.world.entity.decoration.HangingEntity/]: Hanging entity at invalid position: BlockPos{x=-245, y=-57, z=-567}
[21Jul2025 00:26:45.569] [Worker-Main-3/ERROR] [net.minecraft.world.level.block.entity.SculkSensorBlockEntity/]: No key selector in MapLike[{event_delay:0,event_distance:3.602844f,range:8,source:{pos:[I;-404,-59,-499],type:"minecraft:block"}}]
[21Jul2025 00:26:45.583] [Worker-Main-3/ERROR] [net.minecraft.world.entity.decoration.HangingEntity/]: Hanging entity at invalid position: BlockPos{x=-346, y=-57, z=-497}
[21Jul2025 00:26:45.588] [Worker-Main-3/ERROR] [net.minecraft.world.entity.decoration.HangingEntity/]: Hanging entity at invalid position: BlockPos{x=-403, y=-58, z=-497}
[21Jul2025 00:26:45.596] [Worker-Main-3/ERROR] [net.minecraft.world.entity.decoration.HangingEntity/]: Hanging entity at invalid position: BlockPos{x=-403, y=-58, z=-497}
[21Jul2025 00:26:45.596] [Worker-Main-3/ERROR] [net.minecraft.world.entity.decoration.HangingEntity/]: Hanging entity at invalid position: BlockPos{x=-349, y=-58, z=-497}
[21Jul2025 00:26:45.599] [Worker-Main-3/ERROR] [net.minecraft.world.entity.decoration.HangingEntity/]: Hanging entity at invalid position: BlockPos{x=-362, y=-51, z=-548}
[21Jul2025 00:26:45.600] [Worker-Main-3/ERROR] [net.minecraft.world.entity.decoration.HangingEntity/]: Hanging entity at invalid position: BlockPos{x=-361, y=-54, z=-542}
[21Jul2025 00:26:45.600] [Worker-Main-3/ERROR] [net.minecraft.world.entity.decoration.HangingEntity/]: Hanging entity at invalid position: BlockPos{x=-361, y=-53, z=-542}
[21Jul2025 00:26:45.600] [Worker-Main-3/ERROR] [net.minecraft.world.entity.decoration.HangingEntity/]: Hanging entity at invalid position: BlockPos{x=-361, y=-58, z=-502}
[21Jul2025 00:26:45.664] [Worker-Main-2/ERROR] [net.minecraft.world.entity.decoration.HangingEntity/]: Hanging entity at invalid position: BlockPos{x=-427, y=-52, z=-408}
[21Jul2025 00:26:45.664] [Worker-Main-2/ERROR] [net.minecraft.world.entity.decoration.HangingEntity/]: Hanging entity at invalid position: BlockPos{x=-429, y=-52, z=-408}
[21Jul2025 00:26:45.664] [Worker-Main-2/ERROR] [net.minecraft.world.entity.decoration.HangingEntity/]: Hanging entity at invalid position: BlockPos{x=-428, y=-52, z=-409}
[21Jul2025 00:26:45.686] [Worker-Main-2/ERROR] [net.minecraft.world.entity.decoration.HangingEntity/]: Hanging entity at invalid position: BlockPos{x=-396, y=-52, z=-407}
[21Jul2025 00:26:45.686] [Worker-Main-2/ERROR] [net.minecraft.world.entity.decoration.HangingEntity/]: Hanging entity at invalid position: BlockPos{x=-393, y=-52, z=-408}
[21Jul2025 00:26:45.687] [Worker-Main-2/ERROR] [net.minecraft.world.entity.decoration.HangingEntity/]: Hanging entity at invalid position: BlockPos{x=-393, y=-52, z=-400}
[21Jul2025 00:26:45.710] [Worker-Main-2/ERROR] [net.minecraft.world.entity.decoration.HangingEntity/]: Hanging entity at invalid position: BlockPos{x=-396, y=-52, z=-407}
[21Jul2025 00:26:45.710] [Worker-Main-2/ERROR] [net.minecraft.world.entity.decoration.HangingEntity/]: Hanging entity at invalid position: BlockPos{x=-393, y=-52, z=-408}
[21Jul2025 00:26:45.711] [Worker-Main-2/ERROR] [net.minecraft.world.entity.decoration.HangingEntity/]: Hanging entity at invalid position: BlockPos{x=-393, y=-52, z=-400}
[21Jul2025 00:26:45.824] [Worker-Main-3/ERROR] [net.minecraft.world.entity.decoration.HangingEntity/]: Hanging entity at invalid position: BlockPos{x=-362, y=-51, z=-548}
[21Jul2025 00:26:45.827] [Worker-Main-3/ERROR] [net.minecraft.world.entity.decoration.HangingEntity/]: Hanging entity at invalid position: BlockPos{x=-346, y=-57, z=-497}
[21Jul2025 00:26:45.838] [Worker-Main-3/ERROR] [net.minecraft.world.entity.decoration.HangingEntity/]: Hanging entity at invalid position: BlockPos{x=-420, y=-52, z=-419}
[21Jul2025 00:26:45.838] [Worker-Main-3/ERROR] [net.minecraft.world.entity.decoration.HangingEntity/]: Hanging entity at invalid position: BlockPos{x=-424, y=-52, z=-422}
[21Jul2025 00:26:45.866] [Worker-Main-3/ERROR] [net.minecraft.world.entity.decoration.HangingEntity/]: Hanging entity at invalid position: BlockPos{x=-404, y=-52, z=-397}
[21Jul2025 00:26:45.866] [Worker-Main-3/ERROR] [net.minecraft.world.entity.decoration.HangingEntity/]: Hanging entity at invalid position: BlockPos{x=-399, y=-52, z=-395}
[21Jul2025 00:26:45.867] [Worker-Main-3/ERROR] [net.minecraft.world.entity.decoration.HangingEntity/]: Hanging entity at invalid position: BlockPos{x=-400, y=-52, z=-394}
[21Jul2025 00:26:45.870] [Worker-Main-3/ERROR] [net.minecraft.world.entity.decoration.HangingEntity/]: Hanging entity at invalid position: BlockPos{x=-400, y=-52, z=-552}
[21Jul2025 00:26:45.871] [Worker-Main-3/ERROR] [net.minecraft.world.entity.decoration.HangingEntity/]: Hanging entity at invalid position: BlockPos{x=-400, y=-51, z=-552}
[21Jul2025 00:26:45.882] [Worker-Main-3/ERROR] [net.minecraft.world.entity.decoration.HangingEntity/]: Hanging entity at invalid position: BlockPos{x=-362, y=-51, z=-548}
[21Jul2025 00:26:45.882] [Worker-Main-3/ERROR] [net.minecraft.world.entity.decoration.HangingEntity/]: Hanging entity at invalid position: BlockPos{x=-361, y=-54, z=-542}
[21Jul2025 00:26:45.883] [Worker-Main-3/ERROR] [net.minecraft.world.entity.decoration.HangingEntity/]: Hanging entity at invalid position: BlockPos{x=-361, y=-53, z=-542}
[21Jul2025 00:26:45.887] [Worker-Main-3/ERROR] [net.minecraft.world.entity.decoration.HangingEntity/]: Hanging entity at invalid position: BlockPos{x=-362, y=-51, z=-548}
[21Jul2025 00:26:45.887] [Worker-Main-3/ERROR] [net.minecraft.world.entity.decoration.HangingEntity/]: Hanging entity at invalid position: BlockPos{x=-361, y=-54, z=-542}
[21Jul2025 00:26:45.888] [Worker-Main-3/ERROR] [net.minecraft.world.entity.decoration.HangingEntity/]: Hanging entity at invalid position: BlockPos{x=-361, y=-53, z=-542}
[21Jul2025 00:26:45.895] [Worker-Main-3/ERROR] [net.minecraft.world.entity.decoration.HangingEntity/]: Hanging entity at invalid position: BlockPos{x=-247, y=-58, z=-588}
[21Jul2025 00:26:45.907] [Worker-Main-3/ERROR] [net.minecraft.world.entity.decoration.HangingEntity/]: Hanging entity at invalid position: BlockPos{x=-404, y=-52, z=-397}
[21Jul2025 00:26:45.907] [Worker-Main-3/ERROR] [net.minecraft.world.entity.decoration.HangingEntity/]: Hanging entity at invalid position: BlockPos{x=-399, y=-52, z=-395}
[21Jul2025 00:26:45.907] [Worker-Main-3/ERROR] [net.minecraft.world.entity.decoration.HangingEntity/]: Hanging entity at invalid position: BlockPos{x=-400, y=-52, z=-394}
[21Jul2025 00:26:45.922] [Worker-Main-3/ERROR] [net.minecraft.world.entity.decoration.HangingEntity/]: Hanging entity at invalid position: BlockPos{x=-373, y=-58, z=-499}
[21Jul2025 00:26:45.923] [Worker-Main-3/ERROR] [net.minecraft.world.entity.decoration.HangingEntity/]: Hanging entity at invalid position: BlockPos{x=-245, y=-56, z=-571}
[21Jul2025 00:26:45.924] [Worker-Main-3/ERROR] [net.minecraft.world.entity.decoration.HangingEntity/]: Hanging entity at invalid position: BlockPos{x=-349, y=-58, z=-497}
[21Jul2025 00:26:46.029] [Worker-Main-12/ERROR] [net.minecraft.world.entity.decoration.HangingEntity/]: Hanging entity at invalid position: BlockPos{x=-394, y=-52, z=-409}
[21Jul2025 00:26:46.029] [Worker-Main-12/ERROR] [net.minecraft.world.entity.decoration.HangingEntity/]: Hanging entity at invalid position: BlockPos{x=-393, y=-52, z=-408}
[21Jul2025 00:26:46.039] [Worker-Main-12/ERROR] [net.minecraft.world.entity.decoration.HangingEntity/]: Hanging entity at invalid position: BlockPos{x=-432, y=-52, z=-404}
[21Jul2025 00:26:46.039] [Worker-Main-12/ERROR] [net.minecraft.world.entity.decoration.HangingEntity/]: Hanging entity at invalid position: BlockPos{x=-432, y=-52, z=-402}
[21Jul2025 00:26:46.051] [Worker-Main-12/ERROR] [net.minecraft.world.entity.decoration.HangingEntity/]: Hanging entity at invalid position: BlockPos{x=-432, y=-52, z=-404}
[21Jul2025 00:26:46.051] [Worker-Main-12/ERROR] [net.minecraft.world.entity.decoration.HangingEntity/]: Hanging entity at invalid position: BlockPos{x=-432, y=-52, z=-402}
[21Jul2025 00:26:46.084] [Worker-Main-12/ERROR] [net.minecraft.world.entity.decoration.HangingEntity/]: Hanging entity at invalid position: BlockPos{x=-346, y=-57, z=-497}
[21Jul2025 00:26:46.097] [Worker-Main-12/ERROR] [net.minecraft.world.entity.decoration.HangingEntity/]: Hanging entity at invalid position: BlockPos{x=-400, y=-52, z=-422}
[21Jul2025 00:26:46.098] [Worker-Main-12/ERROR] [net.minecraft.world.entity.decoration.HangingEntity/]: Hanging entity at invalid position: BlockPos{x=-396, y=-52, z=-418}
[21Jul2025 00:26:46.098] [Worker-Main-12/ERROR] [net.minecraft.world.entity.decoration.HangingEntity/]: Hanging entity at invalid position: BlockPos{x=-396, y=-52, z=-409}
[21Jul2025 00:26:46.098] [Worker-Main-12/ERROR] [net.minecraft.world.entity.decoration.HangingEntity/]: Hanging entity at invalid position: BlockPos{x=-395, y=-52, z=-416}
[21Jul2025 00:26:46.124] [Worker-Main-12/ERROR] [net.minecraft.world.entity.decoration.HangingEntity/]: Hanging entity at invalid position: BlockPos{x=-427, y=-52, z=-408}
[21Jul2025 00:26:46.124] [Worker-Main-12/ERROR] [net.minecraft.world.entity.decoration.HangingEntity/]: Hanging entity at invalid position: BlockPos{x=-428, y=-52, z=-407}
[21Jul2025 00:26:46.125] [Worker-Main-12/ERROR] [net.minecraft.world.entity.decoration.HangingEntity/]: Hanging entity at invalid position: BlockPos{x=-429, y=-52, z=-408}
[21Jul2025 00:26:46.127] [Worker-Main-12/ERROR] [net.minecraft.world.entity.decoration.HangingEntity/]: Hanging entity at invalid position: BlockPos{x=-361, y=-58, z=-502}
[21Jul2025 00:26:46.157] [Worker-Main-12/ERROR] [net.minecraft.world.entity.decoration.HangingEntity/]: Hanging entity at invalid position: BlockPos{x=-427, y=-52, z=-408}
[21Jul2025 00:26:46.158] [Worker-Main-12/ERROR] [net.minecraft.world.entity.decoration.HangingEntity/]: Hanging entity at invalid position: BlockPos{x=-428, y=-52, z=-407}
[21Jul2025 00:26:46.158] [Worker-Main-12/ERROR] [net.minecraft.world.entity.decoration.HangingEntity/]: Hanging entity at invalid position: BlockPos{x=-429, y=-52, z=-408}
[21Jul2025 00:26:46.177] [Worker-Main-12/ERROR] [net.minecraft.world.entity.decoration.HangingEntity/]: Hanging entity at invalid position: BlockPos{x=-403, y=-58, z=-503}
[21Jul2025 00:26:46.182] [Worker-Main-12/ERROR] [net.minecraft.world.entity.decoration.HangingEntity/]: Hanging entity at invalid position: BlockPos{x=-409, y=-57, z=-497}
[21Jul2025 00:26:46.182] [Worker-Main-12/ERROR] [net.minecraft.world.entity.decoration.HangingEntity/]: Hanging entity at invalid position: BlockPos{x=-410, y=-57, z=-496}
[21Jul2025 00:26:49.402] [Worker-Main-2/ERROR] [net.minecraft.world.entity.decoration.HangingEntity/]: Hanging entity at invalid position: BlockPos{x=-396, y=-52, z=-407}
[21Jul2025 00:26:49.403] [Worker-Main-2/ERROR] [net.minecraft.world.entity.decoration.HangingEntity/]: Hanging entity at invalid position: BlockPos{x=-404, y=-52, z=-397}
[21Jul2025 00:26:49.404] [Worker-Main-2/ERROR] [net.minecraft.world.entity.decoration.HangingEntity/]: Hanging entity at invalid position: BlockPos{x=-399, y=-52, z=-395}
[21Jul2025 00:26:49.404] [Worker-Main-2/ERROR] [net.minecraft.world.entity.decoration.HangingEntity/]: Hanging entity at invalid position: BlockPos{x=-400, y=-52, z=-394}
[21Jul2025 00:26:49.448] [Worker-Main-2/ERROR] [net.minecraft.world.entity.decoration.HangingEntity/]: Hanging entity at invalid position: BlockPos{x=-420, y=-52, z=-419}
[21Jul2025 00:26:49.448] [Worker-Main-2/ERROR] [net.minecraft.world.entity.decoration.HangingEntity/]: Hanging entity at invalid position: BlockPos{x=-424, y=-52, z=-422}
[21Jul2025 00:26:49.448] [Worker-Main-2/ERROR] [net.minecraft.world.entity.decoration.HangingEntity/]: Hanging entity at invalid position: BlockPos{x=-428, y=-52, z=-409}
[21Jul2025 00:26:49.493] [Worker-Main-2/ERROR] [net.minecraft.world.entity.decoration.HangingEntity/]: Hanging entity at invalid position: BlockPos{x=-420, y=-52, z=-419}
[21Jul2025 00:26:49.494] [Worker-Main-2/ERROR] [net.minecraft.world.entity.decoration.HangingEntity/]: Hanging entity at invalid position: BlockPos{x=-424, y=-52, z=-422}
[21Jul2025 00:26:49.494] [Worker-Main-2/ERROR] [net.minecraft.world.entity.decoration.HangingEntity/]: Hanging entity at invalid position: BlockPos{x=-428, y=-52, z=-409}
[21Jul2025 00:26:49.498] [Worker-Main-2/ERROR] [net.minecraft.world.entity.decoration.HangingEntity/]: Hanging entity at invalid position: BlockPos{x=-361, y=-58, z=-502}
[21Jul2025 00:26:49.516] [Worker-Main-2/ERROR] [net.minecraft.world.entity.decoration.HangingEntity/]: Hanging entity at invalid position: BlockPos{x=-403, y=-58, z=-497}
[21Jul2025 00:26:49.561] [Worker-Main-12/ERROR] [net.minecraft.world.entity.decoration.HangingEntity/]: Hanging entity at invalid position: BlockPos{x=-361, y=-54, z=-542}
[21Jul2025 00:26:49.562] [Worker-Main-12/ERROR] [net.minecraft.world.entity.decoration.HangingEntity/]: Hanging entity at invalid position: BlockPos{x=-361, y=-53, z=-542}
[21Jul2025 00:26:49.581] [Worker-Main-12/ERROR] [net.minecraft.world.entity.decoration.HangingEntity/]: Hanging entity at invalid position: BlockPos{x=-350, y=-58, z=-499}
[21Jul2025 00:26:49.581] [Worker-Main-12/ERROR] [net.minecraft.world.entity.decoration.HangingEntity/]: Hanging entity at invalid position: BlockPos{x=-349, y=-58, z=-499}
[21Jul2025 00:26:49.584] [Worker-Main-12/ERROR] [net.minecraft.world.entity.decoration.HangingEntity/]: Hanging entity at invalid position: BlockPos{x=-361, y=-58, z=-502}
[21Jul2025 00:26:49.586] [Worker-Main-12/ERROR] [net.minecraft.world.entity.decoration.HangingEntity/]: Hanging entity at invalid position: BlockPos{x=-396, y=-51, z=-611}
[21Jul2025 00:26:49.587] [Worker-Main-12/ERROR] [net.minecraft.world.entity.decoration.HangingEntity/]: Hanging entity at invalid position: BlockPos{x=-396, y=-50, z=-610}
[21Jul2025 00:26:49.606] [Worker-Main-12/ERROR] [net.minecraft.world.entity.decoration.HangingEntity/]: Hanging entity at invalid position: BlockPos{x=-400, y=-52, z=-422}
[21Jul2025 00:26:49.609] [Worker-Main-12/ERROR] [net.minecraft.world.entity.decoration.HangingEntity/]: Hanging entity at invalid position: BlockPos{x=-407, y=-57, z=-497}
[21Jul2025 00:26:49.609] [Worker-Main-12/ERROR] [net.minecraft.world.entity.decoration.HangingEntity/]: Hanging entity at invalid position: BlockPos{x=-406, y=-57, z=-496}
[21Jul2025 00:26:49.609] [Worker-Main-12/ERROR] [net.minecraft.world.entity.decoration.HangingEntity/]: Hanging entity at invalid position: BlockPos{x=-350, y=-58, z=-499}
[21Jul2025 00:26:49.609] [Worker-Main-12/ERROR] [net.minecraft.world.entity.decoration.HangingEntity/]: Hanging entity at invalid position: BlockPos{x=-349, y=-58, z=-499}
[21Jul2025 00:26:49.610] [Worker-Main-12/ERROR] [net.minecraft.world.entity.decoration.HangingEntity/]: Hanging entity at invalid position: BlockPos{x=-373, y=-58, z=-499}
[21Jul2025 00:26:49.610] [Worker-Main-12/ERROR] [net.minecraft.world.entity.decoration.HangingEntity/]: Hanging entity at invalid position: BlockPos{x=-359, y=-58, z=-502}
[21Jul2025 00:26:49.630] [Worker-Main-12/ERROR] [net.minecraft.world.entity.decoration.HangingEntity/]: Hanging entity at invalid position: BlockPos{x=-361, y=-58, z=-502}
[21Jul2025 00:26:49.631] [Worker-Main-12/ERROR] [net.minecraft.world.entity.decoration.HangingEntity/]: Hanging entity at invalid position: BlockPos{x=-359, y=-58, z=-502}
[21Jul2025 00:26:49.644] [Worker-Main-12/ERROR] [net.minecraft.world.entity.decoration.HangingEntity/]: Hanging entity at invalid position: BlockPos{x=-400, y=-52, z=-422}
[21Jul2025 00:26:49.647] [Worker-Main-12/ERROR] [net.minecraft.world.entity.decoration.HangingEntity/]: Hanging entity at invalid position: BlockPos{x=-359, y=-58, z=-502}
[21Jul2025 00:26:49.648] [Worker-Main-12/ERROR] [net.minecraft.world.entity.decoration.HangingEntity/]: Hanging entity at invalid position: BlockPos{x=-359, y=-58, z=-502}
[21Jul2025 00:26:49.651] [Worker-Main-12/ERROR] [net.minecraft.world.entity.decoration.HangingEntity/]: Hanging entity at invalid position: BlockPos{x=-409, y=-57, z=-497}
[21Jul2025 00:26:49.651] [Worker-Main-12/ERROR] [net.minecraft.world.entity.decoration.HangingEntity/]: Hanging entity at invalid position: BlockPos{x=-410, y=-57, z=-496}
[21Jul2025 00:26:49.764] [Worker-Main-3/ERROR] [net.minecraft.world.entity.decoration.HangingEntity/]: Hanging entity at invalid position: BlockPos{x=-234, y=-52, z=-702}
[21Jul2025 00:26:49.765] [Worker-Main-3/ERROR] [net.minecraft.world.entity.decoration.HangingEntity/]: Hanging entity at invalid position: BlockPos{x=-221, y=-52, z=-702}
[21Jul2025 00:26:49.779] [Worker-Main-3/ERROR] [net.minecraft.world.entity.decoration.HangingEntity/]: Hanging entity at invalid position: BlockPos{x=-393, y=-52, z=-400}
[21Jul2025 00:26:50.051] [Worker-Main-19/ERROR] [net.minecraft.world.entity.decoration.HangingEntity/]: Hanging entity at invalid position: BlockPos{x=-234, y=-52, z=-702}
[21Jul2025 00:26:50.065] [Worker-Main-19/ERROR] [net.minecraft.world.entity.decoration.HangingEntity/]: Hanging entity at invalid position: BlockPos{x=-428, y=-52, z=-407}
[21Jul2025 00:26:50.066] [Worker-Main-19/ERROR] [net.minecraft.world.entity.decoration.HangingEntity/]: Hanging entity at invalid position: BlockPos{x=-432, y=-52, z=-404}
[21Jul2025 00:26:50.066] [Worker-Main-19/ERROR] [net.minecraft.world.entity.decoration.HangingEntity/]: Hanging entity at invalid position: BlockPos{x=-432, y=-52, z=-402}
[21Jul2025 00:26:50.085] [Worker-Main-19/ERROR] [net.minecraft.world.entity.decoration.HangingEntity/]: Hanging entity at invalid position: BlockPos{x=-396, y=-52, z=-418}
[21Jul2025 00:26:50.086] [Worker-Main-19/ERROR] [net.minecraft.world.entity.decoration.HangingEntity/]: Hanging entity at invalid position: BlockPos{x=-396, y=-52, z=-409}
[21Jul2025 00:26:50.086] [Worker-Main-19/ERROR] [net.minecraft.world.entity.decoration.HangingEntity/]: Hanging entity at invalid position: BlockPos{x=-394, y=-52, z=-409}
[21Jul2025 00:26:50.086] [Worker-Main-19/ERROR] [net.minecraft.world.entity.decoration.HangingEntity/]: Hanging entity at invalid position: BlockPos{x=-395, y=-52, z=-416}
[21Jul2025 00:26:50.107] [Worker-Main-19/ERROR] [net.minecraft.world.entity.decoration.HangingEntity/]: Hanging entity at invalid position: BlockPos{x=-396, y=-52, z=-418}
[21Jul2025 00:26:50.108] [Worker-Main-19/ERROR] [net.minecraft.world.entity.decoration.HangingEntity/]: Hanging entity at invalid position: BlockPos{x=-396, y=-52, z=-409}
[21Jul2025 00:26:50.108] [Worker-Main-19/ERROR] [net.minecraft.world.entity.decoration.HangingEntity/]: Hanging entity at invalid position: BlockPos{x=-394, y=-52, z=-409}
[21Jul2025 00:26:50.108] [Worker-Main-19/ERROR] [net.minecraft.world.entity.decoration.HangingEntity/]: Hanging entity at invalid position: BlockPos{x=-395, y=-52, z=-416}
[21Jul2025 00:26:50.184] [Worker-Main-12/ERROR] [net.minecraft.world.entity.decoration.HangingEntity/]: Hanging entity at invalid position: BlockPos{x=-221, y=-52, z=-702}
[21Jul2025 00:26:50.232] [Worker-Main-12/ERROR] [net.minecraft.world.entity.decoration.HangingEntity/]: Hanging entity at invalid position: BlockPos{x=-403, y=-58, z=-497}
[21Jul2025 00:26:50.242] [Worker-Main-12/ERROR] [net.minecraft.world.entity.decoration.HangingEntity/]: Hanging entity at invalid position: BlockPos{x=-349, y=-58, z=-497}
[21Jul2025 00:26:50.251] [Worker-Main-12/ERROR] [net.minecraft.world.entity.decoration.HangingEntity/]: Hanging entity at invalid position: BlockPos{x=-350, y=-58, z=-499}
[21Jul2025 00:26:50.252] [Worker-Main-12/ERROR] [net.minecraft.world.entity.decoration.HangingEntity/]: Hanging entity at invalid position: BlockPos{x=-349, y=-58, z=-499}
[21Jul2025 00:26:50.270] [Worker-Main-12/ERROR] [net.minecraft.world.entity.decoration.HangingEntity/]: Hanging entity at invalid position: BlockPos{x=-361, y=-58, z=-502}
[21Jul2025 00:26:50.365] [Worker-Main-12/ERROR] [net.minecraft.world.entity.decoration.HangingEntity/]: Hanging entity at invalid position: BlockPos{x=-346, y=-57, z=-497}
[21Jul2025 00:26:50.366] [Worker-Main-12/ERROR] [net.minecraft.world.entity.decoration.HangingEntity/]: Hanging entity at invalid position: BlockPos{x=-403, y=-58, z=-503}
[21Jul2025 00:26:50.366] [Worker-Main-12/ERROR] [net.minecraft.world.entity.decoration.HangingEntity/]: Hanging entity at invalid position: BlockPos{x=-403, y=-58, z=-503}
[21Jul2025 00:26:50.376] [Worker-Main-12/ERROR] [net.minecraft.world.entity.decoration.HangingEntity/]: Hanging entity at invalid position: BlockPos{x=-350, y=-58, z=-499}
[21Jul2025 00:26:50.376] [Worker-Main-12/ERROR] [net.minecraft.world.entity.decoration.HangingEntity/]: Hanging entity at invalid position: BlockPos{x=-349, y=-58, z=-499}
[21Jul2025 00:26:50.388] [Worker-Main-12/ERROR] [net.minecraft.world.entity.decoration.HangingEntity/]: Hanging entity at invalid position: BlockPos{x=-323, y=-57, z=-753}
[21Jul2025 00:26:50.388] [Worker-Main-12/ERROR] [net.minecraft.world.entity.decoration.HangingEntity/]: Hanging entity at invalid position: BlockPos{x=-323, y=-56, z=-754}
[21Jul2025 00:26:50.388] [Worker-Main-12/ERROR] [net.minecraft.world.entity.decoration.HangingEntity/]: Hanging entity at invalid position: BlockPos{x=-322, y=-56, z=-753}
[21Jul2025 00:26:50.389] [Worker-Main-12/ERROR] [net.minecraft.world.entity.decoration.HangingEntity/]: Hanging entity at invalid position: BlockPos{x=-322, y=-56, z=-755}
[21Jul2025 00:26:50.389] [Worker-Main-12/ERROR] [net.minecraft.world.entity.decoration.HangingEntity/]: Hanging entity at invalid position: BlockPos{x=-323, y=-57, z=-751}
[21Jul2025 00:26:50.389] [Worker-Main-12/ERROR] [net.minecraft.world.entity.decoration.HangingEntity/]: Hanging entity at invalid position: BlockPos{x=-322, y=-55, z=-752}
[21Jul2025 00:26:57.397] [Worker-Main-3/ERROR] [net.minecraft.world.entity.decoration.HangingEntity/]: Hanging entity at invalid position: BlockPos{x=-429, y=-52, z=-408}
[21Jul2025 00:26:57.398] [Worker-Main-3/ERROR] [net.minecraft.world.entity.decoration.HangingEntity/]: Hanging entity at invalid position: BlockPos{x=-432, y=-52, z=-404}
[21Jul2025 00:26:57.398] [Worker-Main-3/ERROR] [net.minecraft.world.entity.decoration.HangingEntity/]: Hanging entity at invalid position: BlockPos{x=-432, y=-52, z=-402}
[21Jul2025 00:26:57.405] [Worker-Main-19/ERROR] [net.minecraft.world.entity.decoration.HangingEntity/]: Hanging entity at invalid position: BlockPos{x=-234, y=-52, z=-702}
[21Jul2025 00:26:57.406] [Worker-Main-19/ERROR] [net.minecraft.world.entity.decoration.HangingEntity/]: Hanging entity at invalid position: BlockPos{x=-221, y=-52, z=-702}
[21Jul2025 00:26:57.587] [Worker-Main-12/ERROR] [net.minecraft.world.entity.decoration.HangingEntity/]: Hanging entity at invalid position: BlockPos{x=-234, y=-52, z=-702}
[21Jul2025 00:26:57.587] [Worker-Main-12/ERROR] [net.minecraft.world.entity.decoration.HangingEntity/]: Hanging entity at invalid position: BlockPos{x=-221, y=-52, z=-702}
[21Jul2025 00:26:57.617] [Worker-Main-12/ERROR] [net.minecraft.world.entity.decoration.HangingEntity/]: Hanging entity at invalid position: BlockPos{x=-414, y=-52, z=-427}
[21Jul2025 00:26:57.631] [Worker-Main-12/ERROR] [net.minecraft.world.entity.decoration.HangingEntity/]: Hanging entity at invalid position: BlockPos{x=-414, y=-52, z=-427}
[21Jul2025 00:26:57.727] [Worker-Main-12/ERROR] [net.minecraft.world.entity.decoration.HangingEntity/]: Hanging entity at invalid position: BlockPos{x=-422, y=-52, z=-391}
[21Jul2025 00:26:57.739] [Worker-Main-12/ERROR] [net.minecraft.world.entity.decoration.HangingEntity/]: Hanging entity at invalid position: BlockPos{x=-403, y=-52, z=-425}
[21Jul2025 00:26:57.739] [Worker-Main-12/ERROR] [net.minecraft.world.entity.decoration.HangingEntity/]: Hanging entity at invalid position: BlockPos{x=-410, y=-52, z=-426}
[21Jul2025 00:26:57.754] [Worker-Main-12/ERROR] [net.minecraft.world.entity.decoration.HangingEntity/]: Hanging entity at invalid position: BlockPos{x=-403, y=-52, z=-425}
[21Jul2025 00:26:57.754] [Worker-Main-12/ERROR] [net.minecraft.world.entity.decoration.HangingEntity/]: Hanging entity at invalid position: BlockPos{x=-410, y=-52, z=-426}
[21Jul2025 00:26:57.993] [Worker-Main-3/ERROR] [net.minecraft.world.level.block.entity.SculkSensorBlockEntity/]: No key selector in MapLike[{event_delay:0,event_distance:3.602844f,range:8,source:{pos:[I;-404,-59,-499],type:"minecraft:block"}}]
[21Jul2025 00:27:06.813] [Worker-Main-19/ERROR] [net.minecraft.world.entity.decoration.HangingEntity/]: Hanging entity at invalid position: BlockPos{x=-234, y=-52, z=-702}
[21Jul2025 00:27:06.814] [Worker-Main-19/ERROR] [net.minecraft.world.entity.decoration.HangingEntity/]: Hanging entity at invalid position: BlockPos{x=-221, y=-52, z=-702}
[21Jul2025 00:27:06.825] [Worker-Main-19/ERROR] [net.minecraft.world.entity.decoration.HangingEntity/]: Hanging entity at invalid position: BlockPos{x=-414, y=-52, z=-427}
[21Jul2025 00:27:06.856] [Worker-Main-2/ERROR] [net.minecraft.world.entity.decoration.HangingEntity/]: Hanging entity at invalid position: BlockPos{x=-422, y=-52, z=-391}
[21Jul2025 00:27:06.977] [Worker-Main-19/ERROR] [net.minecraft.world.entity.decoration.HangingEntity/]: Hanging entity at invalid position: BlockPos{x=-359, y=-58, z=-502}
[21Jul2025 00:27:06.978] [Worker-Main-19/ERROR] [net.minecraft.world.entity.decoration.HangingEntity/]: Hanging entity at invalid position: BlockPos{x=-361, y=-58, z=-502}
[21Jul2025 00:27:06.978] [Worker-Main-19/ERROR] [net.minecraft.world.entity.decoration.HangingEntity/]: Hanging entity at invalid position: BlockPos{x=-407, y=-57, z=-497}
[21Jul2025 00:27:06.978] [Worker-Main-19/ERROR] [net.minecraft.world.entity.decoration.HangingEntity/]: Hanging entity at invalid position: BlockPos{x=-406, y=-57, z=-496}
[21Jul2025 00:27:07.024] [Worker-Main-19/ERROR] [net.minecraft.world.entity.decoration.HangingEntity/]: Hanging entity at invalid position: BlockPos{x=-420, y=-52, z=-419}
[21Jul2025 00:27:07.024] [Worker-Main-19/ERROR] [net.minecraft.world.entity.decoration.HangingEntity/]: Hanging entity at invalid position: BlockPos{x=-424, y=-52, z=-422}
[21Jul2025 00:27:07.025] [Worker-Main-19/ERROR] [net.minecraft.world.entity.decoration.HangingEntity/]: Hanging entity at invalid position: BlockPos{x=-428, y=-52, z=-409}
[21Jul2025 00:27:07.044] [Worker-Main-19/ERROR] [net.minecraft.world.entity.decoration.HangingEntity/]: Hanging entity at invalid position: BlockPos{x=-346, y=-57, z=-497}
[21Jul2025 00:27:07.091] [Worker-Main-3/ERROR] [net.minecraft.world.entity.decoration.HangingEntity/]: Hanging entity at invalid position: BlockPos{x=-362, y=-51, z=-548}
[21Jul2025 00:27:07.092] [Worker-Main-3/ERROR] [net.minecraft.world.entity.decoration.HangingEntity/]: Hanging entity at invalid position: BlockPos{x=-349, y=-58, z=-497}
[21Jul2025 00:27:07.119] [Worker-Main-3/ERROR] [net.minecraft.world.entity.decoration.HangingEntity/]: Hanging entity at invalid position: BlockPos{x=-361, y=-58, z=-502}
[21Jul2025 00:27:07.144] [Worker-Main-3/ERROR] [net.minecraft.world.entity.decoration.HangingEntity/]: Hanging entity at invalid position: BlockPos{x=-362, y=-51, z=-548}
[21Jul2025 00:27:07.167] [Worker-Main-3/ERROR] [net.minecraft.world.entity.decoration.HangingEntity/]: Hanging entity at invalid position: BlockPos{x=-427, y=-52, z=-408}
[21Jul2025 00:27:07.168] [Worker-Main-3/ERROR] [net.minecraft.world.entity.decoration.HangingEntity/]: Hanging entity at invalid position: BlockPos{x=-428, y=-52, z=-407}
[21Jul2025 00:27:07.171] [Worker-Main-3/ERROR] [net.minecraft.world.entity.decoration.HangingEntity/]: Hanging entity at invalid position: BlockPos{x=-245, y=-57, z=-593}
[21Jul2025 00:27:07.172] [Worker-Main-3/ERROR] [net.minecraft.world.entity.decoration.HangingEntity/]: Hanging entity at invalid position: BlockPos{x=-359, y=-58, z=-502}
[21Jul2025 00:27:07.173] [Worker-Main-3/ERROR] [net.minecraft.world.entity.decoration.HangingEntity/]: Hanging entity at invalid position: BlockPos{x=-359, y=-58, z=-502}
[21Jul2025 00:27:07.434] [Worker-Main-2/ERROR] [net.minecraft.world.level.block.entity.SculkSensorBlockEntity/]: No key selector in MapLike[{event_delay:0,event_distance:3.602844f,range:8,source:{pos:[I;-404,-59,-499],type:"minecraft:block"}}]
[21Jul2025 00:27:07.443] [Worker-Main-2/ERROR] [net.minecraft.world.entity.decoration.HangingEntity/]: Hanging entity at invalid position: BlockPos{x=-403, y=-58, z=-503}
[21Jul2025 00:27:07.459] [Worker-Main-2/ERROR] [net.minecraft.world.entity.decoration.HangingEntity/]: Hanging entity at invalid position: BlockPos{x=-323, y=-56, z=-754}
[21Jul2025 00:27:07.459] [Worker-Main-2/ERROR] [net.minecraft.world.entity.decoration.HangingEntity/]: Hanging entity at invalid position: BlockPos{x=-322, y=-56, z=-755}
[21Jul2025 00:27:07.527] [Worker-Main-19/ERROR] [net.minecraft.world.entity.decoration.HangingEntity/]: Hanging entity at invalid position: BlockPos{x=-359, y=-58, z=-502}
[21Jul2025 00:27:07.537] [Worker-Main-19/ERROR] [net.minecraft.world.entity.decoration.HangingEntity/]: Hanging entity at invalid position: BlockPos{x=-350, y=-58, z=-499}
[21Jul2025 00:27:07.537] [Worker-Main-19/ERROR] [net.minecraft.world.entity.decoration.HangingEntity/]: Hanging entity at invalid position: BlockPos{x=-349, y=-58, z=-499}
[21Jul2025 00:27:07.547] [Worker-Main-19/ERROR] [net.minecraft.world.entity.decoration.HangingEntity/]: Hanging entity at invalid position: BlockPos{x=-396, y=-51, z=-611}
[21Jul2025 00:27:07.547] [Worker-Main-19/ERROR] [net.minecraft.world.entity.decoration.HangingEntity/]: Hanging entity at invalid position: BlockPos{x=-396, y=-50, z=-610}
[21Jul2025 00:27:07.557] [Worker-Main-19/ERROR] [net.minecraft.world.entity.decoration.HangingEntity/]: Hanging entity at invalid position: BlockPos{x=-403, y=-58, z=-497}
[21Jul2025 00:27:07.564] [Worker-Main-19/ERROR] [net.minecraft.world.entity.decoration.HangingEntity/]: Hanging entity at invalid position: BlockPos{x=-323, y=-57, z=-753}
[21Jul2025 00:27:07.564] [Worker-Main-19/ERROR] [net.minecraft.world.entity.decoration.HangingEntity/]: Hanging entity at invalid position: BlockPos{x=-322, y=-56, z=-753}
[21Jul2025 00:27:07.565] [Worker-Main-19/ERROR] [net.minecraft.world.entity.decoration.HangingEntity/]: Hanging entity at invalid position: BlockPos{x=-323, y=-57, z=-751}
[21Jul2025 00:27:07.565] [Worker-Main-19/ERROR] [net.minecraft.world.entity.decoration.HangingEntity/]: Hanging entity at invalid position: BlockPos{x=-322, y=-55, z=-752}
[21Jul2025 00:27:07.568] [Worker-Main-19/ERROR] [net.minecraft.world.entity.decoration.HangingEntity/]: Hanging entity at invalid position: BlockPos{x=-403, y=-58, z=-503}
[21Jul2025 00:27:07.568] [Worker-Main-19/ERROR] [net.minecraft.world.entity.decoration.HangingEntity/]: Hanging entity at invalid position: BlockPos{x=-403, y=-58, z=-503}
[21Jul2025 00:27:12.174] [Worker-Main-2/ERROR] [net.minecraft.world.entity.decoration.HangingEntity/]: Hanging entity at invalid position: BlockPos{x=-403, y=-52, z=-425}
[21Jul2025 00:27:12.175] [Worker-Main-2/ERROR] [net.minecraft.world.entity.decoration.HangingEntity/]: Hanging entity at invalid position: BlockPos{x=-410, y=-52, z=-426}
[21Jul2025 00:27:12.388] [Worker-Main-2/ERROR] [net.minecraft.world.entity.decoration.HangingEntity/]: Hanging entity at invalid position: BlockPos{x=-403, y=-58, z=-503}
[21Jul2025 00:27:12.407] [Worker-Main-2/ERROR] [net.minecraft.world.entity.decoration.HangingEntity/]: Hanging entity at invalid position: BlockPos{x=-409, y=-57, z=-497}
[21Jul2025 00:27:12.407] [Worker-Main-2/ERROR] [net.minecraft.world.entity.decoration.HangingEntity/]: Hanging entity at invalid position: BlockPos{x=-410, y=-57, z=-496}
[21Jul2025 00:27:12.417] [Worker-Main-2/ERROR] [net.minecraft.world.entity.decoration.HangingEntity/]: Hanging entity at invalid position: BlockPos{x=-361, y=-58, z=-502}
[21Jul2025 00:27:12.431] [Worker-Main-2/ERROR] [net.minecraft.world.entity.decoration.HangingEntity/]: Hanging entity at invalid position: BlockPos{x=-400, y=-52, z=-422}
[21Jul2025 00:27:12.433] [Worker-Main-2/ERROR] [net.minecraft.world.entity.decoration.HangingEntity/]: Hanging entity at invalid position: BlockPos{x=-407, y=-57, z=-497}
[21Jul2025 00:27:12.434] [Worker-Main-2/ERROR] [net.minecraft.world.entity.decoration.HangingEntity/]: Hanging entity at invalid position: BlockPos{x=-361, y=-58, z=-502}
[21Jul2025 00:27:12.450] [Worker-Main-2/ERROR] [net.minecraft.world.entity.decoration.HangingEntity/]: Hanging entity at invalid position: BlockPos{x=-403, y=-58, z=-503}
[21Jul2025 00:27:12.552] [Worker-Main-19/ERROR] [net.minecraft.world.entity.decoration.HangingEntity/]: Hanging entity at invalid position: BlockPos{x=-361, y=-54, z=-542}
[21Jul2025 00:27:12.552] [Worker-Main-19/ERROR] [net.minecraft.world.entity.decoration.HangingEntity/]: Hanging entity at invalid position: BlockPos{x=-361, y=-53, z=-542}
[21Jul2025 00:27:12.553] [Worker-Main-19/ERROR] [net.minecraft.world.entity.decoration.HangingEntity/]: Hanging entity at invalid position: BlockPos{x=-409, y=-57, z=-497}
[21Jul2025 00:27:12.553] [Worker-Main-19/ERROR] [net.minecraft.world.entity.decoration.HangingEntity/]: Hanging entity at invalid position: BlockPos{x=-410, y=-57, z=-496}
[21Jul2025 00:27:12.574] [Worker-Main-19/ERROR] [net.minecraft.world.entity.decoration.HangingEntity/]: Hanging entity at invalid position: BlockPos{x=-361, y=-58, z=-502}
[21Jul2025 00:27:12.587] [Worker-Main-19/ERROR] [net.minecraft.world.entity.decoration.HangingEntity/]: Hanging entity at invalid position: BlockPos{x=-361, y=-58, z=-502}
[21Jul2025 00:27:12.598] [Worker-Main-19/ERROR] [net.minecraft.world.entity.decoration.HangingEntity/]: Hanging entity at invalid position: BlockPos{x=-361, y=-54, z=-542}
[21Jul2025 00:27:12.599] [Worker-Main-19/ERROR] [net.minecraft.world.entity.decoration.HangingEntity/]: Hanging entity at invalid position: BlockPos{x=-361, y=-53, z=-542}
[21Jul2025 00:27:12.616] [Worker-Main-19/ERROR] [net.minecraft.world.entity.decoration.HangingEntity/]: Hanging entity at invalid position: BlockPos{x=-404, y=-52, z=-397}
[21Jul2025 00:27:12.616] [Worker-Main-19/ERROR] [net.minecraft.world.entity.decoration.HangingEntity/]: Hanging entity at invalid position: BlockPos{x=-399, y=-52, z=-395}
[21Jul2025 00:27:12.617] [Worker-Main-19/ERROR] [net.minecraft.world.entity.decoration.HangingEntity/]: Hanging entity at invalid position: BlockPos{x=-400, y=-52, z=-394}
[21Jul2025 00:27:12.619] [Worker-Main-19/ERROR] [net.minecraft.world.entity.decoration.HangingEntity/]: Hanging entity at invalid position: BlockPos{x=-409, y=-57, z=-497}
[21Jul2025 00:27:12.619] [Worker-Main-19/ERROR] [net.minecraft.world.entity.decoration.HangingEntity/]: Hanging entity at invalid position: BlockPos{x=-410, y=-57, z=-496}
[21Jul2025 00:27:12.620] [Worker-Main-19/ERROR] [net.minecraft.world.entity.decoration.HangingEntity/]: Hanging entity at invalid position: BlockPos{x=-406, y=-57, z=-496}
[21Jul2025 00:27:12.620] [Worker-Main-19/ERROR] [net.minecraft.world.entity.decoration.HangingEntity/]: Hanging entity at invalid position: BlockPos{x=-361, y=-58, z=-502}
[21Jul2025 00:27:12.700] [Worker-Main-12/ERROR] [net.minecraft.world.entity.decoration.HangingEntity/]: Hanging entity at invalid position: BlockPos{x=-349, y=-58, z=-497}
[21Jul2025 00:27:12.701] [Worker-Main-12/ERROR] [net.minecraft.world.level.block.entity.SculkSensorBlockEntity/]: No key selector in MapLike[{event_delay:0,event_distance:3.602844f,range:8,source:{pos:[I;-404,-59,-499],type:"minecraft:block"}}]
[21Jul2025 00:27:12.723] [Worker-Main-12/ERROR] [net.minecraft.world.entity.decoration.HangingEntity/]: Hanging entity at invalid position: BlockPos{x=-407, y=-57, z=-497}
[21Jul2025 00:27:12.723] [Worker-Main-12/ERROR] [net.minecraft.world.entity.decoration.HangingEntity/]: Hanging entity at invalid position: BlockPos{x=-406, y=-57, z=-496}
[21Jul2025 00:27:12.724] [Worker-Main-12/ERROR] [net.minecraft.world.entity.decoration.HangingEntity/]: Hanging entity at invalid position: BlockPos{x=-359, y=-58, z=-502}
[21Jul2025 00:27:12.800] [Worker-Main-2/ERROR] [net.minecraft.world.level.block.entity.SculkSensorBlockEntity/]: No key selector in MapLike[{event_delay:0,event_distance:3.602844f,range:8,source:{pos:[I;-404,-59,-499],type:"minecraft:block"}}]
[21Jul2025 00:27:12.800] [Worker-Main-2/ERROR] [net.minecraft.world.entity.decoration.HangingEntity/]: Hanging entity at invalid position: BlockPos{x=-373, y=-58, z=-499}
[21Jul2025 00:27:12.815] [Worker-Main-2/ERROR] [net.minecraft.world.entity.decoration.HangingEntity/]: Hanging entity at invalid position: BlockPos{x=-407, y=-57, z=-497}
[21Jul2025 00:27:12.815] [Worker-Main-2/ERROR] [net.minecraft.world.entity.decoration.HangingEntity/]: Hanging entity at invalid position: BlockPos{x=-406, y=-57, z=-496}
[21Jul2025 00:27:12.843] [Worker-Main-2/ERROR] [net.minecraft.world.entity.decoration.HangingEntity/]: Hanging entity at invalid position: BlockPos{x=-361, y=-58, z=-502}
[21Jul2025 00:27:16.099] [Worker-Main-12/ERROR] [net.minecraft.world.entity.decoration.HangingEntity/]: Hanging entity at invalid position: BlockPos{x=-393, y=-52, z=-400}
[21Jul2025 00:27:16.112] [Worker-Main-12/ERROR] [net.minecraft.world.entity.decoration.HangingEntity/]: Hanging entity at invalid position: BlockPos{x=-396, y=-52, z=-418}
[21Jul2025 00:27:16.113] [Worker-Main-12/ERROR] [net.minecraft.world.entity.decoration.HangingEntity/]: Hanging entity at invalid position: BlockPos{x=-396, y=-52, z=-409}
[21Jul2025 00:27:16.113] [Worker-Main-12/ERROR] [net.minecraft.world.entity.decoration.HangingEntity/]: Hanging entity at invalid position: BlockPos{x=-394, y=-52, z=-409}
[21Jul2025 00:27:16.113] [Worker-Main-12/ERROR] [net.minecraft.world.entity.decoration.HangingEntity/]: Hanging entity at invalid position: BlockPos{x=-395, y=-52, z=-416}
[21Jul2025 00:27:16.181] [Worker-Main-3/ERROR] [net.minecraft.world.entity.decoration.HangingEntity/]: Hanging entity at invalid position: BlockPos{x=-394, y=-52, z=-409}
[21Jul2025 00:27:16.181] [Worker-Main-3/ERROR] [net.minecraft.world.entity.decoration.HangingEntity/]: Hanging entity at invalid position: BlockPos{x=-393, y=-52, z=-408}
[21Jul2025 00:27:16.193] [Worker-Main-3/ERROR] [net.minecraft.world.entity.decoration.HangingEntity/]: Hanging entity at invalid position: BlockPos{x=-396, y=-52, z=-407}
[21Jul2025 00:27:16.193] [Worker-Main-3/ERROR] [net.minecraft.world.entity.decoration.HangingEntity/]: Hanging entity at invalid position: BlockPos{x=-393, y=-52, z=-408}
[21Jul2025 00:27:16.193] [Worker-Main-3/ERROR] [net.minecraft.world.entity.decoration.HangingEntity/]: Hanging entity at invalid position: BlockPos{x=-393, y=-52, z=-400}
[21Jul2025 00:27:16.286] [Worker-Main-2/ERROR] [net.minecraft.world.entity.decoration.HangingEntity/]: Hanging entity at invalid position: BlockPos{x=-373, y=-58, z=-499}
[21Jul2025 00:27:16.702] [Worker-Main-3/ERROR] [net.minecraft.world.entity.decoration.HangingEntity/]: Hanging entity at invalid position: BlockPos{x=-373, y=-58, z=-499}
[21Jul2025 00:27:16.702] [Worker-Main-3/ERROR] [net.minecraft.world.entity.decoration.HangingEntity/]: Hanging entity at invalid position: BlockPos{x=-407, y=-57, z=-497}
[21Jul2025 00:27:16.703] [Worker-Main-3/ERROR] [net.minecraft.world.entity.decoration.HangingEntity/]: Hanging entity at invalid position: BlockPos{x=-406, y=-57, z=-496}
[21Jul2025 00:27:23.253] [Worker-Main-19/ERROR] [net.minecraft.world.entity.decoration.HangingEntity/]: Hanging entity at invalid position: BlockPos{x=-359, y=-58, z=-502}
[21Jul2025 00:27:23.480] [Worker-Main-2/ERROR] [net.minecraft.world.entity.decoration.HangingEntity/]: Hanging entity at invalid position: BlockPos{x=-396, y=-52, z=-407}
[21Jul2025 00:27:23.481] [Worker-Main-2/ERROR] [net.minecraft.world.entity.decoration.HangingEntity/]: Hanging entity at invalid position: BlockPos{x=-404, y=-52, z=-397}
[21Jul2025 00:27:23.481] [Worker-Main-2/ERROR] [net.minecraft.world.entity.decoration.HangingEntity/]: Hanging entity at invalid position: BlockPos{x=-399, y=-52, z=-395}
[21Jul2025 00:27:23.481] [Worker-Main-2/ERROR] [net.minecraft.world.entity.decoration.HangingEntity/]: Hanging entity at invalid position: BlockPos{x=-400, y=-52, z=-394}
[21Jul2025 00:27:23.919] [Worker-Main-19/ERROR] [net.minecraft.world.level.block.entity.SculkSensorBlockEntity/]: No key selector in MapLike[{event_delay:0,event_distance:3.602844f,range:8,source:{pos:[I;-404,-59,-499],type:"minecraft:block"}}]
[21Jul2025 00:27:23.936] [Worker-Main-19/ERROR] [net.minecraft.world.entity.decoration.HangingEntity/]: Hanging entity at invalid position: BlockPos{x=-400, y=-52, z=-422}
[21Jul2025 00:27:23.936] [Worker-Main-19/ERROR] [net.minecraft.world.entity.decoration.HangingEntity/]: Hanging entity at invalid position: BlockPos{x=-396, y=-52, z=-418}
[21Jul2025 00:27:23.936] [Worker-Main-19/ERROR] [net.minecraft.world.entity.decoration.HangingEntity/]: Hanging entity at invalid position: BlockPos{x=-396, y=-52, z=-409}
[21Jul2025 00:27:23.936] [Worker-Main-19/ERROR] [net.minecraft.world.entity.decoration.HangingEntity/]: Hanging entity at invalid position: BlockPos{x=-395, y=-52, z=-416}
[21Jul2025 00:27:23.963] [Worker-Main-19/ERROR] [net.minecraft.world.entity.decoration.HangingEntity/]: Hanging entity at invalid position: BlockPos{x=-349, y=-58, z=-497}
[21Jul2025 00:27:23.966] [Worker-Main-19/ERROR] [net.minecraft.world.entity.decoration.HangingEntity/]: Hanging entity at invalid position: BlockPos{x=-361, y=-58, z=-502}
[21Jul2025 00:27:24.144] [Worker-Main-12/ERROR] [net.minecraft.world.entity.decoration.HangingEntity/]: Hanging entity at invalid position: BlockPos{x=-403, y=-52, z=-425}
[21Jul2025 00:27:24.144] [Worker-Main-12/ERROR] [net.minecraft.world.entity.decoration.HangingEntity/]: Hanging entity at invalid position: BlockPos{x=-410, y=-52, z=-426}
[21Jul2025 00:27:27.121] [Worker-Main-2/ERROR] [net.minecraft.world.entity.decoration.HangingEntity/]: Hanging entity at invalid position: BlockPos{x=-361, y=-54, z=-542}
[21Jul2025 00:27:27.121] [Worker-Main-2/ERROR] [net.minecraft.world.entity.decoration.HangingEntity/]: Hanging entity at invalid position: BlockPos{x=-361, y=-53, z=-542}
[21Jul2025 00:27:27.145] [Worker-Main-2/ERROR] [net.minecraft.world.entity.decoration.HangingEntity/]: Hanging entity at invalid position: BlockPos{x=-403, y=-58, z=-497}
[21Jul2025 00:27:27.149] [Worker-Main-2/ERROR] [net.minecraft.world.entity.decoration.HangingEntity/]: Hanging entity at invalid position: BlockPos{x=-407, y=-57, z=-497}
[21Jul2025 00:27:27.149] [Worker-Main-2/ERROR] [net.minecraft.world.entity.decoration.HangingEntity/]: Hanging entity at invalid position: BlockPos{x=-406, y=-57, z=-496}
[21Jul2025 00:27:27.150] [Worker-Main-2/ERROR] [net.minecraft.world.entity.decoration.HangingEntity/]: Hanging entity at invalid position: BlockPos{x=-359, y=-58, z=-502}
[21Jul2025 00:27:27.369] [Worker-Main-12/ERROR] [net.minecraft.world.entity.decoration.HangingEntity/]: Hanging entity at invalid position: BlockPos{x=-422, y=-52, z=-391}
[21Jul2025 00:27:27.433] [Worker-Main-3/ERROR] [net.minecraft.world.entity.decoration.HangingEntity/]: Hanging entity at invalid position: BlockPos{x=-420, y=-52, z=-419}
[21Jul2025 00:27:27.433] [Worker-Main-3/ERROR] [net.minecraft.world.entity.decoration.HangingEntity/]: Hanging entity at invalid position: BlockPos{x=-424, y=-52, z=-422}
[21Jul2025 00:27:27.433] [Worker-Main-3/ERROR] [net.minecraft.world.entity.decoration.HangingEntity/]: Hanging entity at invalid position: BlockPos{x=-373, y=-58, z=-499}
[21Jul2025 00:27:27.442] [Worker-Main-3/ERROR] [net.minecraft.world.entity.decoration.HangingEntity/]: Hanging entity at invalid position: BlockPos{x=-409, y=-57, z=-497}
[21Jul2025 00:27:27.443] [Worker-Main-3/ERROR] [net.minecraft.world.entity.decoration.HangingEntity/]: Hanging entity at invalid position: BlockPos{x=-410, y=-57, z=-496}
[21Jul2025 00:27:27.446] [Worker-Main-3/ERROR] [net.minecraft.world.entity.decoration.HangingEntity/]: Hanging entity at invalid position: BlockPos{x=-362, y=-51, z=-548}
[21Jul2025 00:27:27.463] [Worker-Main-3/ERROR] [net.minecraft.world.entity.decoration.HangingEntity/]: Hanging entity at invalid position: BlockPos{x=-245, y=-57, z=-593}
[21Jul2025 00:27:27.463] [Worker-Main-3/ERROR] [net.minecraft.world.entity.decoration.HangingEntity/]: Hanging entity at invalid position: BlockPos{x=-403, y=-58, z=-503}
[21Jul2025 00:27:27.470] [Worker-Main-3/ERROR] [net.minecraft.world.entity.decoration.HangingEntity/]: Hanging entity at invalid position: BlockPos{x=-361, y=-58, z=-502}
[21Jul2025 00:27:27.697] [Worker-Main-19/ERROR] [net.minecraft.world.entity.decoration.HangingEntity/]: Hanging entity at invalid position: BlockPos{x=-414, y=-52, z=-427}
[21Jul2025 00:27:27.762] [Worker-Main-19/ERROR] [net.minecraft.world.entity.decoration.HangingEntity/]: Hanging entity at invalid position: BlockPos{x=-553, y=-53, z=-830}
[21Jul2025 00:27:27.762] [Worker-Main-19/ERROR] [net.minecraft.world.entity.decoration.HangingEntity/]: Hanging entity at invalid position: BlockPos{x=-549, y=-52, z=-829}
[21Jul2025 00:27:27.762] [Worker-Main-19/ERROR] [net.minecraft.world.entity.decoration.HangingEntity/]: Hanging entity at invalid position: BlockPos{x=-551, y=-52, z=-829}
[21Jul2025 00:27:27.762] [Worker-Main-19/ERROR] [net.minecraft.world.entity.decoration.HangingEntity/]: Hanging entity at invalid position: BlockPos{x=-552, y=-51, z=-829}
[21Jul2025 00:27:27.762] [Worker-Main-19/ERROR] [net.minecraft.world.entity.decoration.HangingEntity/]: Hanging entity at invalid position: BlockPos{x=-552, y=-51, z=-827}
[21Jul2025 00:27:27.762] [Worker-Main-19/ERROR] [net.minecraft.world.entity.decoration.HangingEntity/]: Hanging entity at invalid position: BlockPos{x=-551, y=-53, z=-830}
[21Jul2025 00:27:27.763] [Worker-Main-19/ERROR] [net.minecraft.world.entity.decoration.HangingEntity/]: Hanging entity at invalid position: BlockPos{x=-550, y=-52, z=-830}
[21Jul2025 00:27:31.608] [Worker-Main-2/ERROR] [net.minecraft.world.entity.decoration.HangingEntity/]: Hanging entity at invalid position: BlockPos{x=-428, y=-52, z=-407}
[21Jul2025 00:27:31.609] [Worker-Main-2/ERROR] [net.minecraft.world.entity.decoration.HangingEntity/]: Hanging entity at invalid position: BlockPos{x=-432, y=-52, z=-404}
[21Jul2025 00:27:31.609] [Worker-Main-2/ERROR] [net.minecraft.world.entity.decoration.HangingEntity/]: Hanging entity at invalid position: BlockPos{x=-432, y=-52, z=-402}
[21Jul2025 00:27:31.663] [Worker-Main-3/ERROR] [net.minecraft.world.entity.decoration.HangingEntity/]: Hanging entity at invalid position: BlockPos{x=-427, y=-52, z=-408}
[21Jul2025 00:27:31.663] [Worker-Main-3/ERROR] [net.minecraft.world.entity.decoration.HangingEntity/]: Hanging entity at invalid position: BlockPos{x=-429, y=-52, z=-408}
[21Jul2025 00:27:31.663] [Worker-Main-3/ERROR] [net.minecraft.world.entity.decoration.HangingEntity/]: Hanging entity at invalid position: BlockPos{x=-428, y=-52, z=-409}
[21Jul2025 00:27:35.585] [Worker-Main-3/WARN] [com.ferreusveritas.dynamictrees.tree.species.Species/]: Rooty Dirt block NOT FOUND for soil minecraft:tall_seagrass
[21Jul2025 00:28:05.176] [Server thread/INFO] [net.minecraft.server.MinecraftServer/]: joaocover was shot by Skeleton
[21Jul2025 00:28:06.343] [Server thread/INFO] [Scaling Health/]: Player lost 0.00 heart crystal(s)
[21Jul2025 00:28:06.344] [Server thread/INFO] [Scaling Health/]: Player gained 0.00 difficulty
[21Jul2025 00:32:17.836] [Server thread/INFO] [Easy NPC/]: Define custom server-side data for Humanoid['entity.easy_npc.humanoid'/19613, l='ServerLevel[world]', x=0.00, y=0.00, z=0.00] ...
[21Jul2025 00:32:17.836] [Server thread/INFO] [Easy NPC/]: Register default handler for Humanoid['entity.easy_npc.humanoid'/19613, l='ServerLevel[world]', x=0.00, y=0.00, z=0.00] with variant STEVE ...
[21Jul2025 00:32:17.836] [Server thread/INFO] [Easy NPC/]: Easy NPC Data version 3 for Humanoid['entity.easy_npc.humanoid'/19613, l='ServerLevel[world]', x=937.50, y=70.00, z=850.50].
[21Jul2025 00:32:17.837] [Server thread/INFO] [Easy NPC/]: Loading trading offers [net.minecraft.world.item.trading.MerchantOffer@6cc4802c, net.minecraft.world.item.trading.MerchantOffer@53fa0388, net.minecraft.world.item.trading.MerchantOffer@7b575508, net.minecraft.world.item.trading.MerchantOffer@16dc00f1, net.minecraft.world.item.trading.MerchantOffer@5e5127e6] for Humanoid['entity.easy_npc.humanoid'/19613, l='ServerLevel[world]', x=937.50, y=70.00, z=850.50]
[21Jul2025 00:40:31.856] [Server thread/INFO] [net.minecraft.server.MinecraftServer/]: joaocover was slain by Hydra
[21Jul2025 00:40:33.203] [Server thread/INFO] [Scaling Health/]: Player lost 0.00 heart crystal(s)
[21Jul2025 00:40:33.203] [Server thread/INFO] [Scaling Health/]: Player lost 0.00 difficulty
[21Jul2025 00:44:38.984] [Server thread/INFO] [Easy NPC/]: Define custom server-side data for Humanoid['entity.easy_npc.humanoid'/27426, l='ServerLevel[world]', x=0.00, y=0.00, z=0.00] ...
[21Jul2025 00:44:38.985] [Server thread/INFO] [Easy NPC/]: Register default handler for Humanoid['entity.easy_npc.humanoid'/27426, l='ServerLevel[world]', x=0.00, y=0.00, z=0.00] with variant STEVE ...
[21Jul2025 00:44:38.985] [Server thread/INFO] [Easy NPC/]: Easy NPC Data version 3 for Humanoid['entity.easy_npc.humanoid'/27426, l='ServerLevel[world]', x=937.50, y=70.00, z=850.50].
[21Jul2025 00:44:38.985] [Server thread/INFO] [Easy NPC/]: Loading trading offers [net.minecraft.world.item.trading.MerchantOffer@4698a253, net.minecraft.world.item.trading.MerchantOffer@4012cfde, net.minecraft.world.item.trading.MerchantOffer@37271f60, net.minecraft.world.item.trading.MerchantOffer@47c6922, net.minecraft.world.item.trading.MerchantOffer@7f5c9c4] for Humanoid['entity.easy_npc.humanoid'/27426, l='ServerLevel[world]', x=937.50, y=70.00, z=850.50]
[21Jul2025 00:45:56.165] [Server thread/INFO] [net.minecraft.server.MinecraftServer/]: [Not Secure] <joaocover> ZZZZ
[21Jul2025 00:46:04.119] [Server thread/INFO] [net.minecraft.server.MinecraftServer/]: [Not Secure] <joaocover> ZZZ
[21Jul2025 00:46:25.810] [Server thread/INFO] [net.minecraft.server.MinecraftServer/]: [Not Secure] <C0LIGAMES> ZZZZZZZZZZZZZ
[21Jul2025 00:46:29.869] [Server thread/INFO] [net.minecraft.server.MinecraftServer/]: [Not Secure] <joaocover> ZZZZ NO GOD
[21Jul2025 00:54:03.064] [Server thread/INFO] [net.minecraft.server.MinecraftServer/]: joaocover was slain by Hydra
[21Jul2025 00:54:04.794] [Server thread/INFO] [Scaling Health/]: Player lost 0.00 heart crystal(s)
[21Jul2025 00:54:04.794] [Server thread/INFO] [Scaling Health/]: Player gained 0.00 difficulty
[21Jul2025 00:54:05.313] [Server thread/INFO] [Easy NPC/]: Define custom server-side data for Humanoid['entity.easy_npc.humanoid'/32688, l='ServerLevel[world]', x=0.00, y=0.00, z=0.00] ...
[21Jul2025 00:54:05.314] [Server thread/INFO] [Easy NPC/]: Register default handler for Humanoid['entity.easy_npc.humanoid'/32688, l='ServerLevel[world]', x=0.00, y=0.00, z=0.00] with variant STEVE ...
[21Jul2025 00:54:05.314] [Server thread/INFO] [Easy NPC/]: Easy NPC Data version 3 for Humanoid['entity.easy_npc.humanoid'/32688, l='ServerLevel[world]', x=937.50, y=70.00, z=850.50].
[21Jul2025 00:54:05.314] [Server thread/INFO] [Easy NPC/]: Loading trading offers [net.minecraft.world.item.trading.MerchantOffer@26208d48, net.minecraft.world.item.trading.MerchantOffer@48052eef, net.minecraft.world.item.trading.MerchantOffer@5db82a1b, net.minecraft.world.item.trading.MerchantOffer@4f23d7a6, net.minecraft.world.item.trading.MerchantOffer@6dcb59c7] for Humanoid['entity.easy_npc.humanoid'/32688, l='ServerLevel[world]', x=937.50, y=70.00, z=850.50]
[21Jul2025 00:59:32.366] [Server thread/INFO] [Easy NPC/]: Creating backup folder 2025-07-21 at /workspaces/esta/servidor_minecraft/easy_npc/backup ...
[21Jul2025 01:00:43.387] [Server thread/INFO] [net.minecraft.server.MinecraftServer/]: [Not Secure] <joaocover> zzz
[21Jul2025 01:01:04.185] [Server thread/INFO] [net.minecraft.server.MinecraftServer/]: [Not Secure] <joaocover> zzz
[21Jul2025 01:01:07.273] [Server thread/INFO] [net.minecraft.server.MinecraftServer/]: [Not Secure] <C0LIGAMES> zzzzzz
[21Jul2025 01:05:04.491] [Worker-Main-3/ERROR] [net.minecraft.world.level.block.entity.SculkShriekerBlockEntity/]: No key selector in MapLike[{event_delay:0,event_distance:0.0f,range:8,source:{pos:[I;-425,-56,-205],type:"minecraft:block"}}]
[21Jul2025 01:05:04.501] [Worker-Main-3/ERROR] [net.minecraft.world.entity.decoration.HangingEntity/]: Hanging entity at invalid position: BlockPos{x=-185, y=-46, z=-142}
[21Jul2025 01:05:04.697] [Worker-Main-12/ERROR] [net.minecraft.world.entity.decoration.HangingEntity/]: Hanging entity at invalid position: BlockPos{x=-418, y=-50, z=-208}
[21Jul2025 01:05:04.712] [Worker-Main-12/ERROR] [net.minecraft.world.entity.decoration.HangingEntity/]: Hanging entity at invalid position: BlockPos{x=-176, y=-50, z=-133}
[21Jul2025 01:05:04.713] [Worker-Main-12/ERROR] [net.minecraft.world.entity.decoration.HangingEntity/]: Hanging entity at invalid position: BlockPos{x=-172, y=-50, z=-135}
[21Jul2025 01:05:04.724] [Worker-Main-12/ERROR] [net.minecraft.world.entity.decoration.HangingEntity/]: Hanging entity at invalid position: BlockPos{x=-283, y=-56, z=-275}
[21Jul2025 01:05:06.968] [Worker-Main-12/ERROR] [net.minecraft.world.entity.decoration.HangingEntity/]: Hanging entity at invalid position: BlockPos{x=-423, y=-50, z=-211}
[21Jul2025 01:05:06.978] [Worker-Main-12/ERROR] [net.minecraft.world.entity.decoration.HangingEntity/]: Hanging entity at invalid position: BlockPos{x=-187, y=-46, z=-151}
[21Jul2025 01:05:06.978] [Worker-Main-12/ERROR] [net.minecraft.world.entity.decoration.HangingEntity/]: Hanging entity at invalid position: BlockPos{x=-187, y=-46, z=-143}
[21Jul2025 01:05:06.987] [Worker-Main-12/ERROR] [net.minecraft.world.entity.decoration.HangingEntity/]: Hanging entity at invalid position: BlockPos{x=-289, y=-57, z=-281}
[21Jul2025 01:05:06.987] [Worker-Main-12/ERROR] [net.minecraft.world.entity.decoration.HangingEntity/]: Hanging entity at invalid position: BlockPos{x=-287, y=-56, z=-283}
[21Jul2025 01:05:06.987] [Worker-Main-12/ERROR] [net.minecraft.world.entity.decoration.HangingEntity/]: Hanging entity at invalid position: BlockPos{x=-287, y=-57, z=-283}
[21Jul2025 01:05:07.156] [Worker-Main-19/ERROR] [net.minecraft.world.entity.decoration.HangingEntity/]: Hanging entity at invalid position: BlockPos{x=-420, y=-50, z=-211}
[21Jul2025 01:05:07.156] [Worker-Main-19/ERROR] [net.minecraft.world.entity.decoration.HangingEntity/]: Hanging entity at invalid position: BlockPos{x=-413, y=-49, z=-217}
[21Jul2025 01:05:07.174] [Worker-Main-19/ERROR] [net.minecraft.world.entity.decoration.HangingEntity/]: Hanging entity at invalid position: BlockPos{x=-281, y=-50, z=-279}
[21Jul2025 01:05:07.174] [Worker-Main-19/ERROR] [net.minecraft.world.entity.decoration.HangingEntity/]: Hanging entity at invalid position: BlockPos{x=-281, y=-57, z=-280}
[21Jul2025 01:06:31.069] [Worker-Main-3/WARN] [net.minecraft.world.entity.EntityType/]: Skipping Entity with id 
[21Jul2025 01:06:31.069] [Worker-Main-3/ERROR] [net.minecraft.world.entity.decoration.HangingEntity/]: Hanging entity at invalid position: BlockPos{x=77, y=-57, z=143}
[21Jul2025 01:06:31.069] [Worker-Main-3/ERROR] [net.minecraft.world.entity.decoration.HangingEntity/]: Hanging entity at invalid position: BlockPos{x=64, y=-58, z=137}
[21Jul2025 01:06:33.794] [Server thread/WARN] [net.minecraft.world.level.chunk.LevelChunk/]: Tried to load a DUMMY block entity @ BlockPos{x=1548, y=16, z=1609} but found not block entity block Block{minecraft:water}[level=0] at location
[21Jul2025 01:06:33.794] [Server thread/WARN] [net.minecraft.world.level.chunk.LevelChunk/]: Tried to load a block entity for block Block{minecraft:water}[level=0] but failed at location BlockPos{x=1548, y=16, z=1609}
[21Jul2025 01:06:35.853] [Server thread/WARN] [net.minecraft.world.level.chunk.LevelChunk/]: Tried to load a DUMMY block entity @ BlockPos{x=1537, y=16, z=1594} but found not block entity block Block{minecraft:water}[level=0] at location
[21Jul2025 01:06:35.854] [Server thread/WARN] [net.minecraft.world.level.chunk.LevelChunk/]: Tried to load a block entity for block Block{minecraft:water}[level=0] but failed at location BlockPos{x=1537, y=16, z=1594}
[21Jul2025 01:06:36.237] [Server thread/WARN] [net.minecraft.world.level.chunk.LevelChunk/]: Tried to load a DUMMY block entity @ BlockPos{x=1552, y=16, z=1590} but found not block entity block Block{minecraft:water}[level=0] at location
[21Jul2025 01:06:36.237] [Server thread/WARN] [net.minecraft.world.level.chunk.LevelChunk/]: Tried to load a block entity for block Block{minecraft:water}[level=0] but failed at location BlockPos{x=1552, y=16, z=1590}
[21Jul2025 01:06:38.614] [Server thread/WARN] [net.minecraft.world.level.chunk.LevelChunk/]: Tried to load a DUMMY block entity @ BlockPos{x=1568, y=16, z=1624} but found not block entity block Block{minecraft:water}[level=0] at location
[21Jul2025 01:06:38.614] [Server thread/WARN] [net.minecraft.world.level.chunk.LevelChunk/]: Tried to load a block entity for block Block{minecraft:water}[level=0] but failed at location BlockPos{x=1568, y=16, z=1624}
[21Jul2025 01:11:53.432] [Server thread/INFO] [Easy NPC/]: Define custom server-side data for Humanoid['entity.easy_npc.humanoid'/44842, l='ServerLevel[world]', x=0.00, y=0.00, z=0.00] ...
[21Jul2025 01:11:53.432] [Server thread/INFO] [Easy NPC/]: Register default handler for Humanoid['entity.easy_npc.humanoid'/44842, l='ServerLevel[world]', x=0.00, y=0.00, z=0.00] with variant STEVE ...
[21Jul2025 01:11:53.432] [Server thread/INFO] [Easy NPC/]: Easy NPC Data version 3 for Humanoid['entity.easy_npc.humanoid'/44842, l='ServerLevel[world]', x=937.50, y=70.00, z=850.50].
[21Jul2025 01:11:53.433] [Server thread/INFO] [Easy NPC/]: Loading trading offers [net.minecraft.world.item.trading.MerchantOffer@4f8b5831, net.minecraft.world.item.trading.MerchantOffer@305f0d0a, net.minecraft.world.item.trading.MerchantOffer@7ed6ead3, net.minecraft.world.item.trading.MerchantOffer@29fd5484, net.minecraft.world.item.trading.MerchantOffer@3ca2db5a] for Humanoid['entity.easy_npc.humanoid'/44842, l='ServerLevel[world]', x=937.50, y=70.00, z=850.50]
[21Jul2025 01:13:27.617] [VoiceChatPacketProcessingThread/INFO] [voicechat/]: [voicechat] Player 599e70f0-d9f7-39e7-82b1-d7a42d6bd4d7 timed out
[21Jul2025 01:13:27.618] [VoiceChatPacketProcessingThread/INFO] [voicechat/]: [voicechat] Reconnecting player C0LIGAMES
[21Jul2025 01:13:27.618] [VoiceChatPacketProcessingThread/INFO] [voicechat/]: [voicechat] Sent secret to C0LIGAMES
[21Jul2025 01:13:36.110] [Server thread/INFO] [net.minecraft.server.network.ServerGamePacketListenerImpl/]: C0LIGAMES lost connection: Timed out
[21Jul2025 01:13:36.110] [Server thread/INFO] [net.minecraft.server.MinecraftServer/]: C0LIGAMES left the game
[21Jul2025 01:13:36.111] [Server thread/INFO] [voicechat/]: [voicechat] Disconnecting client C0LIGAMES
[21Jul2025 01:13:36.190] [Server thread/WARN] [net.minecraft.network.Connection/]: handleDisconnection() called twice
[21Jul2025 01:16:36.058] [Server thread/INFO] [net.minecraft.server.MinecraftServer/]: You whisper to joaocover: sigues alli?
[21Jul2025 01:16:46.972] [Server thread/INFO] [net.minecraft.server.MinecraftServer/]: [Not Secure] <joaocover> SI
[21Jul2025 01:17:40.500] [Server thread/INFO] [net.minecraft.server.MinecraftServer/]: [Not Secure] <joaocover> TENGO TRES
